Using pre-set license
Built from '2020.3/staging' branch; Version is '2020.3.0f1 (c7b5465681fb) revision 13088070'; Using compiler version '192528614'; Build Type 'Release'
OS: 'Windows 10 Pro; OS build 19041.867; Version 2004; 64bit' Language: 'en' Physical Memory: 7609 MB
BatchMode: 1, IsHumanControllingUs: 0, StartBugReporterOnCrash: 0, Is64bit: 1, IsPro: 0

 COMMAND LINE ARGUMENTS:
C:\Program Files\Unity\Hub\Editor\2020.3.0f1\Editor\Unity.exe
-adb2
-batchMode
-noUpm
-name
AssetImportWorker1
-projectPath
C:/Users/Kashir/Lab Assignment 1
-logFile
Logs/AssetImportWorker1.log
-srvPort
52977
Successfully changed project path to: C:/Users/Kashir/Lab Assignment 1
C:/Users/Kashir/Lab Assignment 1
Using Asset Import Pipeline V2.
Refreshing native plugins compatible for Editor in 80.17 ms, found 1 plugins.
Preloading 0 native plugins for Editor in 0.00 ms.
Initialize engine version: 2020.3.0f1 (c7b5465681fb)
[Subsystems] Discovering subsystems at path C:/Program Files/Unity/Hub/Editor/2020.3.0f1/Editor/Data/Resources/UnitySubsystems
[Subsystems] Discovering subsystems at path C:/Users/Kashir/Lab Assignment 1/Assets
GfxDevice: creating device client; threaded=0
Direct3D:
    Version:  Direct3D 11.0 [level 11.1]
    Renderer: Intel(R) HD Graphics 4600 (ID=0x416)
    Vendor:   
    VRAM:     2048 MB
    Driver:   20.19.15.5126
Initialize mono
Mono path[0] = 'C:/Program Files/Unity/Hub/Editor/2020.3.0f1/Editor/Data/Managed'
Mono path[1] = 'C:/Program Files/Unity/Hub/Editor/2020.3.0f1/Editor/Data/MonoBleedingEdge/lib/mono/unityjit'
Mono config path = 'C:/Program Files/Unity/Hub/Editor/2020.3.0f1/Editor/Data/MonoBleedingEdge/etc'
Using monoOptions --debugger-agent=transport=dt_socket,embedding=1,server=y,suspend=n,address=127.0.0.1:56060
Begin MonoManager ReloadAssembly
Registering precompiled unity dll's ...
Register platform support module: C:/Program Files/Unity/Hub/Editor/2020.3.0f1/Editor/Data/PlaybackEngines/WindowsStandaloneSupport/UnityEditor.WindowsStandalone.Extensions.dll
Registered in 0.002121 seconds.
Native extension for WindowsStandalone target not found
Refreshing native plugins compatible for Editor in 43.05 ms, found 1 plugins.
Preloading 0 native plugins for Editor in 0.00 ms.
Invoked RoslynAnalysisRunner static constructor.
RoslynAnalysisRunner will not be running.
RoslynAnalysisRunner has terminated.
Mono: successfully reloaded assembly
- Completed reload, in  1.509 seconds
Platform modules already initialized, skipping
Registering precompiled user dll's ...
Registered in 0.001210 seconds.
Begin MonoManager ReloadAssembly
Native extension for WindowsStandalone target not found
Refreshing native plugins compatible for Editor in 49.21 ms, found 1 plugins.
Preloading 0 native plugins for Editor in 0.00 ms.
Invoked RoslynAnalysisRunner static constructor.
RoslynAnalysisRunner will not be running.
RoslynAnalysisRunner has terminated.
Mono: successfully reloaded assembly
- Completed reload, in  1.703 seconds
Platform modules already initialized, skipping
========================================================================
Worker process is ready to serve import requests
Launched and connected shader compiler UnityShaderCompiler.exe after 0.06 seconds
Refreshing native plugins compatible for Editor in 0.65 ms, found 1 plugins.
Preloading 0 native plugins for Editor in 0.00 ms.
Unloading 1806 Unused Serialized files (Serialized files now loaded: 0)
System memory in use before: 84.6 MB.
System memory in use after: 84.5 MB.

Unloading 24 unused Assets to reduce memory usage. Loaded Objects now: 2248.
Total: 2.950700 ms (FindLiveObjects: 0.219600 ms CreateObjectMapping: 0.096900 ms MarkObjects: 2.470700 ms  DeleteObjects: 0.162000 ms)

========================================================================
Received Import Request.
  path: Assets/Scenes
  artifactKey: Guid(452480e9bc2636c4fa74b4ad73d7edc7) Importer(815301076,1909f56bfc062723c751e8b465ee728b)
Start importing Assets/Scenes using Guid(452480e9bc2636c4fa74b4ad73d7edc7) Importer(815301076,1909f56bfc062723c751e8b465ee728b)  -> (artifact id: 'dcdbf0e37e25e66ea1e1b74010a31e36') in 0.053792 seconds
  Import took 0.077034 seconds .

========================================================================
Received Import Request.
  Time since last request: 280.642424 seconds.
  path: Assets/20 Static Sprites
  artifactKey: Guid(fff9e1c2ddaf2b5469ef5021871f5a48) Importer(815301076,1909f56bfc062723c751e8b465ee728b)
Start importing Assets/20 Static Sprites using Guid(fff9e1c2ddaf2b5469ef5021871f5a48) Importer(815301076,1909f56bfc062723c751e8b465ee728b)  -> (artifact id: '8419eeece884f2703de4e06b85d9dd97') in 0.015606 seconds
  Import took 0.083729 seconds .

========================================================================
Received Import Request.
  Time since last request: 3.848755 seconds.
  path: Assets/20 Static Sprites/Sprites
  artifactKey: Guid(8912779d3a1bafd4d8713945cb7e20ac) Importer(815301076,1909f56bfc062723c751e8b465ee728b)
Start importing Assets/20 Static Sprites/Sprites using Guid(8912779d3a1bafd4d8713945cb7e20ac) Importer(815301076,1909f56bfc062723c751e8b465ee728b)  -> (artifact id: 'b54493e9307a539c19f2fa2f011c06b0') in 0.013318 seconds
  Import took 0.019610 seconds .

========================================================================
Received Import Request.
  Time since last request: 1.473572 seconds.
  path: Assets/20 Static Sprites/Sprites/Characters
  artifactKey: Guid(7be56a0bf44cd7344b999962ca28e579) Importer(815301076,1909f56bfc062723c751e8b465ee728b)
Start importing Assets/20 Static Sprites/Sprites/Characters using Guid(7be56a0bf44cd7344b999962ca28e579) Importer(815301076,1909f56bfc062723c751e8b465ee728b)  -> (artifact id: '676f9b4c2a8564716301859a986ab3ab') in 0.013803 seconds
  Import took 0.019187 seconds .

========================================================================
Received Import Request.
  Time since last request: 0.121230 seconds.
  path: Assets/20 Static Sprites/Sprites/Characters/Assassino.png
  artifactKey: Guid(fc531589556b71746832cb104b0b000f) Importer(815301076,1909f56bfc062723c751e8b465ee728b)
Start importing Assets/20 Static Sprites/Sprites/Characters/Assassino.png using Guid(fc531589556b71746832cb104b0b000f) Importer(815301076,1909f56bfc062723c751e8b465ee728b)  -> (artifact id: '721eb7956d825794dbb79c1b6c9d248e') in 0.248915 seconds
  Import took 0.255047 seconds .

========================================================================
Received Import Request.
  Time since last request: 0.000244 seconds.
  path: Assets/20 Static Sprites/Sprites/Characters/Carrasco.png
  artifactKey: Guid(c40bfb09eeb5ce34197a07868d020301) Importer(815301076,1909f56bfc062723c751e8b465ee728b)
Start importing Assets/20 Static Sprites/Sprites/Characters/Carrasco.png using Guid(c40bfb09eeb5ce34197a07868d020301) Importer(815301076,1909f56bfc062723c751e8b465ee728b)  -> (artifact id: '76d672e0777271a5e767eab5497de343') in 0.016091 seconds
  Import took 0.034548 seconds .

========================================================================
Received Import Request.
  Time since last request: 0.000250 seconds.
  path: Assets/20 Static Sprites/Sprites/Characters/Gueirreiro.png
  artifactKey: Guid(fd38abec69c76244b8bf8bd57d82bb7e) Importer(815301076,1909f56bfc062723c751e8b465ee728b)
Start importing Assets/20 Static Sprites/Sprites/Characters/Gueirreiro.png using Guid(fd38abec69c76244b8bf8bd57d82bb7e) Importer(815301076,1909f56bfc062723c751e8b465ee728b)  -> (artifact id: '3b13a814935241204db4b2852bc27a0f') in 0.015517 seconds
  Import took 0.019831 seconds .

========================================================================
Received Import Request.
  Time since last request: 0.000291 seconds.
  path: Assets/20 Static Sprites/Sprites/Characters/Mago.png
  artifactKey: Guid(07e711b9600b3a74895a37b2d534f474) Importer(815301076,1909f56bfc062723c751e8b465ee728b)
Start importing Assets/20 Static Sprites/Sprites/Characters/Mago.png using Guid(07e711b9600b3a74895a37b2d534f474) Importer(815301076,1909f56bfc062723c751e8b465ee728b)  -> (artifact id: '30b91537bdd1c21ff464f0486980e5d5') in 0.016869 seconds
  Import took 0.021749 seconds .

========================================================================
Received Import Request.
  Time since last request: 561.495153 seconds.
  path: Assets/Hero and Opponents
  artifactKey: Guid(e4fa09bb8f495a44d9fa16fff3c5f7be) Importer(815301076,1909f56bfc062723c751e8b465ee728b)
Start importing Assets/Hero and Opponents using Guid(e4fa09bb8f495a44d9fa16fff3c5f7be) Importer(815301076,1909f56bfc062723c751e8b465ee728b)  -> (artifact id: 'a6dabd0927ed582df8015086478e03bb') in 0.012896 seconds
  Import took 0.018465 seconds .

========================================================================
Received Import Request.
  Time since last request: 1.032414 seconds.
  path: Assets/Hero and Opponents/Sprites
  artifactKey: Guid(2e64d8f37aea0384a975e1145368d947) Importer(815301076,1909f56bfc062723c751e8b465ee728b)
Start importing Assets/Hero and Opponents/Sprites using Guid(2e64d8f37aea0384a975e1145368d947) Importer(815301076,1909f56bfc062723c751e8b465ee728b)  -> (artifact id: '14ef16d3068d2f224e9f5dacad6f0832') in 0.012370 seconds
  Import took 0.018672 seconds .

========================================================================
Received Import Request.
  Time since last request: 1.346735 seconds.
  path: Assets/Hero and Opponents/Sprites/Enemy1
  artifactKey: Guid(08bbafb6d22c39041b2d0fb62a89027d) Importer(815301076,1909f56bfc062723c751e8b465ee728b)
Start importing Assets/Hero and Opponents/Sprites/Enemy1 using Guid(08bbafb6d22c39041b2d0fb62a89027d) Importer(815301076,1909f56bfc062723c751e8b465ee728b)  -> (artifact id: 'e4d29b4ef72118f1e1aacca3944f108f') in 0.014775 seconds
  Import took 0.019661 seconds .

========================================================================
Received Import Request.
  Time since last request: 0.061227 seconds.
  path: Assets/Hero and Opponents/Sprites/Enemy1/attack-A1.png
  artifactKey: Guid(5bdd6c37d70a73048840f49b5f4c1587) Importer(815301076,1909f56bfc062723c751e8b465ee728b)
Start importing Assets/Hero and Opponents/Sprites/Enemy1/attack-A1.png using Guid(5bdd6c37d70a73048840f49b5f4c1587) Importer(815301076,1909f56bfc062723c751e8b465ee728b)  -> (artifact id: 'be69cca6d239fc3ff157125c4b65d244') in 0.032845 seconds
  Import took 0.039942 seconds .

========================================================================
Received Import Request.
  Time since last request: 0.000271 seconds.
  path: Assets/Hero and Opponents/Sprites/Enemy1/jump-2.png
  artifactKey: Guid(0f76e144692af4340a4016991ca9c0e5) Importer(815301076,1909f56bfc062723c751e8b465ee728b)
Start importing Assets/Hero and Opponents/Sprites/Enemy1/jump-2.png using Guid(0f76e144692af4340a4016991ca9c0e5) Importer(815301076,1909f56bfc062723c751e8b465ee728b)  -> (artifact id: '411bd97d2c82be0b0c06677dfeb1b68c') in 0.019883 seconds
  Import took 0.023617 seconds .

========================================================================
Received Import Request.
  Time since last request: 0.000239 seconds.
  path: Assets/Hero and Opponents/Sprites/Enemy1/idle-3.png
  artifactKey: Guid(d7b196a6a0ae82848883d1590bd02311) Importer(815301076,1909f56bfc062723c751e8b465ee728b)
Start importing Assets/Hero and Opponents/Sprites/Enemy1/idle-3.png using Guid(d7b196a6a0ae82848883d1590bd02311) Importer(815301076,1909f56bfc062723c751e8b465ee728b)  -> (artifact id: 'd323e1836c50da2d55dc8b1450e8750d') in 0.015738 seconds
  Import took 0.020801 seconds .

========================================================================
Received Import Request.
  Time since last request: 0.000214 seconds.
  path: Assets/Hero and Opponents/Sprites/Enemy1/attack-A5.png
  artifactKey: Guid(2c5ce848148293b4ab8396450d89a900) Importer(815301076,1909f56bfc062723c751e8b465ee728b)
Start importing Assets/Hero and Opponents/Sprites/Enemy1/attack-A5.png using Guid(2c5ce848148293b4ab8396450d89a900) Importer(815301076,1909f56bfc062723c751e8b465ee728b)  -> (artifact id: '08c6a5a5561b8934aac9077d2aa9619f') in 0.021545 seconds
  Import took 0.028229 seconds .

========================================================================
Received Import Request.
  Time since last request: 0.000262 seconds.
  path: Assets/Hero and Opponents/Sprites/Enemy1/dead-3.png
  artifactKey: Guid(bf93c7eeb9866ce40b9b7fb76f150e50) Importer(815301076,1909f56bfc062723c751e8b465ee728b)
Start importing Assets/Hero and Opponents/Sprites/Enemy1/dead-3.png using Guid(bf93c7eeb9866ce40b9b7fb76f150e50) Importer(815301076,1909f56bfc062723c751e8b465ee728b)  -> (artifact id: 'd5c36dcf4b4933889044cc99d0576664') in 0.028294 seconds
  Import took 0.035844 seconds .

========================================================================
Received Import Request.
  Time since last request: 0.000215 seconds.
  path: Assets/Hero and Opponents/Sprites/Enemy1/attack-B9.png
  artifactKey: Guid(c2ed980e24e489a44a52d55bf034b91f) Importer(815301076,1909f56bfc062723c751e8b465ee728b)
Start importing Assets/Hero and Opponents/Sprites/Enemy1/attack-B9.png using Guid(c2ed980e24e489a44a52d55bf034b91f) Importer(815301076,1909f56bfc062723c751e8b465ee728b)  -> (artifact id: '98d2762e57114d540092e2b80377dc19') in 0.039500 seconds
  Import took 0.047065 seconds .

========================================================================
Received Import Request.
  Time since last request: 0.000352 seconds.
  path: Assets/Hero and Opponents/Sprites/Enemy1/idle-1.png
  artifactKey: Guid(ae44d6ca9dc728943a492226b377d3f4) Importer(815301076,1909f56bfc062723c751e8b465ee728b)
Start importing Assets/Hero and Opponents/Sprites/Enemy1/idle-1.png using Guid(ae44d6ca9dc728943a492226b377d3f4) Importer(815301076,1909f56bfc062723c751e8b465ee728b)  -> (artifact id: '360b940615472acd23766b03c51ae282') in 0.050417 seconds
  Import took 0.057251 seconds .

========================================================================
Received Import Request.
  Time since last request: 0.000218 seconds.
  path: Assets/Hero and Opponents/Sprites/Enemy1/attack-A6.png
  artifactKey: Guid(04f1e2682a6f2464ea7dc79b7b3cf288) Importer(815301076,1909f56bfc062723c751e8b465ee728b)
Start importing Assets/Hero and Opponents/Sprites/Enemy1/attack-A6.png using Guid(04f1e2682a6f2464ea7dc79b7b3cf288) Importer(815301076,1909f56bfc062723c751e8b465ee728b)  -> (artifact id: '5602128ef90eb2fa61c59d016a1766dc') in 0.018565 seconds
  Import took 0.023225 seconds .

========================================================================
Received Import Request.
  Time since last request: 0.000213 seconds.
  path: Assets/Hero and Opponents/Sprites/Enemy1/attack-B7.png
  artifactKey: Guid(9916b279ae2df8f4bac78c1ec07fe869) Importer(815301076,1909f56bfc062723c751e8b465ee728b)
Start importing Assets/Hero and Opponents/Sprites/Enemy1/attack-B7.png using Guid(9916b279ae2df8f4bac78c1ec07fe869) Importer(815301076,1909f56bfc062723c751e8b465ee728b)  -> (artifact id: 'b77fc11b8374a3f86773023bf3f8dcc4') in 0.015856 seconds
  Import took 0.019684 seconds .

========================================================================
Received Import Request.
  Time since last request: 0.000207 seconds.
  path: Assets/Hero and Opponents/Sprites/Enemy1/attack-A4.png
  artifactKey: Guid(081ea5419f586434d92e4211d21b7278) Importer(815301076,1909f56bfc062723c751e8b465ee728b)
Start importing Assets/Hero and Opponents/Sprites/Enemy1/attack-A4.png using Guid(081ea5419f586434d92e4211d21b7278) Importer(815301076,1909f56bfc062723c751e8b465ee728b)  -> (artifact id: '6b82c69ea5be72f827171b9e69b4de05') in 0.013712 seconds
  Import took 0.017310 seconds .

========================================================================
Received Import Request.
  Time since last request: 0.000202 seconds.
  path: Assets/Hero and Opponents/Sprites/Enemy1/jump-3.png
  artifactKey: Guid(6c04d3baf60efaa46ba5088cea8c4fa5) Importer(815301076,1909f56bfc062723c751e8b465ee728b)
Start importing Assets/Hero and Opponents/Sprites/Enemy1/jump-3.png using Guid(6c04d3baf60efaa46ba5088cea8c4fa5) Importer(815301076,1909f56bfc062723c751e8b465ee728b)  -> (artifact id: '9143b68a100146af2abecc07b7189271') in 0.013868 seconds
  Import took 0.017708 seconds .

========================================================================
Received Import Request.
  Time since last request: 0.000211 seconds.
  path: Assets/Hero and Opponents/Sprites/Enemy1/attack-B4.png
  artifactKey: Guid(bb718c45f6b1cd646b6f5a25ae0c7eba) Importer(815301076,1909f56bfc062723c751e8b465ee728b)
Start importing Assets/Hero and Opponents/Sprites/Enemy1/attack-B4.png using Guid(bb718c45f6b1cd646b6f5a25ae0c7eba) Importer(815301076,1909f56bfc062723c751e8b465ee728b)  -> (artifact id: '7c2c06f1fd319b84c93d96991f5d6ee0') in 0.014458 seconds
  Import took 0.018346 seconds .

========================================================================
Received Import Request.
  Time since last request: 0.000207 seconds.
  path: Assets/Hero and Opponents/Sprites/Enemy1/attack-B11.png
  artifactKey: Guid(177a5a7b72a3cfe4da806bafa83ed1ea) Importer(815301076,1909f56bfc062723c751e8b465ee728b)
Start importing Assets/Hero and Opponents/Sprites/Enemy1/attack-B11.png using Guid(177a5a7b72a3cfe4da806bafa83ed1ea) Importer(815301076,1909f56bfc062723c751e8b465ee728b)  -> (artifact id: '2d9e98044a6083f1d92d98535a6c05a5') in 0.039836 seconds
  Import took 0.048445 seconds .

========================================================================
Received Import Request.
  Time since last request: 0.000280 seconds.
  path: Assets/Hero and Opponents/Sprites/Enemy1/attack-B1.png
  artifactKey: Guid(92c0b5bf591389a4e8beabc3a0cef886) Importer(815301076,1909f56bfc062723c751e8b465ee728b)
Start importing Assets/Hero and Opponents/Sprites/Enemy1/attack-B1.png using Guid(92c0b5bf591389a4e8beabc3a0cef886) Importer(815301076,1909f56bfc062723c751e8b465ee728b)  -> (artifact id: '826576aaccc1e345db028a88d1daef56') in 0.049458 seconds
  Import took 0.057502 seconds .

========================================================================
Received Import Request.
  Time since last request: 0.000311 seconds.
  path: Assets/Hero and Opponents/Sprites/Enemy1/hit-3.png
  artifactKey: Guid(2eb930033cfb3b44ab28e2a454c85334) Importer(815301076,1909f56bfc062723c751e8b465ee728b)
Start importing Assets/Hero and Opponents/Sprites/Enemy1/hit-3.png using Guid(2eb930033cfb3b44ab28e2a454c85334) Importer(815301076,1909f56bfc062723c751e8b465ee728b)  -> (artifact id: 'cba949afd72b8a92275df4128555a427') in 0.025423 seconds
  Import took 0.030430 seconds .

========================================================================
Received Import Request.
  Time since last request: 0.000276 seconds.
  path: Assets/Hero and Opponents/Sprites/Enemy1/attack-B6.png
  artifactKey: Guid(ab4b89c2327ac3547919e4e1170a1c20) Importer(815301076,1909f56bfc062723c751e8b465ee728b)
Start importing Assets/Hero and Opponents/Sprites/Enemy1/attack-B6.png using Guid(ab4b89c2327ac3547919e4e1170a1c20) Importer(815301076,1909f56bfc062723c751e8b465ee728b)  -> (artifact id: '6bbb61cfa2228f68ff4d5a7cff0e49c4') in 0.066123 seconds
  Import took 0.073255 seconds .

========================================================================
Received Import Request.
  Time since last request: 0.000263 seconds.
  path: Assets/Hero and Opponents/Sprites/Enemy1/dead-1.png
  artifactKey: Guid(af2d29e6b98295a4d8b0eeb19ce572e8) Importer(815301076,1909f56bfc062723c751e8b465ee728b)
Start importing Assets/Hero and Opponents/Sprites/Enemy1/dead-1.png using Guid(af2d29e6b98295a4d8b0eeb19ce572e8) Importer(815301076,1909f56bfc062723c751e8b465ee728b)  -> (artifact id: '7725d698e4ca077a5dcf0bd58683908c') in 0.026679 seconds
  Import took 0.034083 seconds .

========================================================================
Received Import Request.
  Time since last request: 0.000222 seconds.
  path: Assets/Hero and Opponents/Sprites/Enemy1/hit-2.png
  artifactKey: Guid(b030faf6265062844a0f5eb84eb77a87) Importer(815301076,1909f56bfc062723c751e8b465ee728b)
Start importing Assets/Hero and Opponents/Sprites/Enemy1/hit-2.png using Guid(b030faf6265062844a0f5eb84eb77a87) Importer(815301076,1909f56bfc062723c751e8b465ee728b)  -> (artifact id: '33ffe9f2c5354b50b80a844e769ab298') in 0.041561 seconds
  Import took 0.046437 seconds .

========================================================================
Received Import Request.
  Time since last request: 0.000324 seconds.
  path: Assets/Hero and Opponents/Sprites/Enemy1/idle-2.png
  artifactKey: Guid(35a0ac6d41cc6de45b22da443e039323) Importer(815301076,1909f56bfc062723c751e8b465ee728b)
Start importing Assets/Hero and Opponents/Sprites/Enemy1/idle-2.png using Guid(35a0ac6d41cc6de45b22da443e039323) Importer(815301076,1909f56bfc062723c751e8b465ee728b)  -> (artifact id: '343d7d57b46d329a34cd5c26be9953f9') in 0.020938 seconds
  Import took 0.025484 seconds .

========================================================================
Received Import Request.
  Time since last request: 0.000232 seconds.
  path: Assets/Hero and Opponents/Sprites/Enemy1/jump-1.png
  artifactKey: Guid(5f1719dd0d0136540bbff3b5ddf761e9) Importer(815301076,1909f56bfc062723c751e8b465ee728b)
Start importing Assets/Hero and Opponents/Sprites/Enemy1/jump-1.png using Guid(5f1719dd0d0136540bbff3b5ddf761e9) Importer(815301076,1909f56bfc062723c751e8b465ee728b)  -> (artifact id: 'c97031c739549edc55e943936e9bb523') in 0.019676 seconds
  Import took 0.025325 seconds .

========================================================================
Received Import Request.
  Time since last request: 0.000234 seconds.
  path: Assets/Hero and Opponents/Sprites/Enemy1/dead-4.png
  artifactKey: Guid(9f4540e95b5dfac44a0e1b9c675311b3) Importer(815301076,1909f56bfc062723c751e8b465ee728b)
Start importing Assets/Hero and Opponents/Sprites/Enemy1/dead-4.png using Guid(9f4540e95b5dfac44a0e1b9c675311b3) Importer(815301076,1909f56bfc062723c751e8b465ee728b)  -> (artifact id: '97d0d77185c383d9befb1c6f7df63b51') in 0.032815 seconds
  Import took 0.043936 seconds .

========================================================================
Received Import Request.
  Time since last request: 0.000432 seconds.
  path: Assets/Hero and Opponents/Sprites/Enemy1/attack-A7.png
  artifactKey: Guid(d93fc5888f2208c4381ec929c0bab03a) Importer(815301076,1909f56bfc062723c751e8b465ee728b)
Start importing Assets/Hero and Opponents/Sprites/Enemy1/attack-A7.png using Guid(d93fc5888f2208c4381ec929c0bab03a) Importer(815301076,1909f56bfc062723c751e8b465ee728b)  -> (artifact id: 'da77a1962ea735bd1c3f93d675eafed2') in 0.034260 seconds
  Import took 0.039991 seconds .

========================================================================
Received Import Request.
  Time since last request: 0.000245 seconds.
  path: Assets/Hero and Opponents/Sprites/Enemy1/attack-B2.png
  artifactKey: Guid(cfa1a9013ddeca5458ec3c60edcae52c) Importer(815301076,1909f56bfc062723c751e8b465ee728b)
Start importing Assets/Hero and Opponents/Sprites/Enemy1/attack-B2.png using Guid(cfa1a9013ddeca5458ec3c60edcae52c) Importer(815301076,1909f56bfc062723c751e8b465ee728b)  -> (artifact id: '743284a5e92197be613847409f7a29f1') in 0.031498 seconds
  Import took 0.037589 seconds .

========================================================================
Received Import Request.
  Time since last request: 0.000347 seconds.
  path: Assets/Hero and Opponents/Sprites/Enemy1/attack-B10.png
  artifactKey: Guid(5e9b1ef5c63150242960c27b4bdbc2dc) Importer(815301076,1909f56bfc062723c751e8b465ee728b)
Start importing Assets/Hero and Opponents/Sprites/Enemy1/attack-B10.png using Guid(5e9b1ef5c63150242960c27b4bdbc2dc) Importer(815301076,1909f56bfc062723c751e8b465ee728b)  -> (artifact id: '9c5ca8fa18b7df7f781e96bcd867ac48') in 0.043352 seconds
  Import took 0.047545 seconds .

========================================================================
Received Import Request.
  Time since last request: 0.000207 seconds.
  path: Assets/Hero and Opponents/Sprites/Enemy1/attack-A2.png
  artifactKey: Guid(a31b80b129768c647af8a375fe0a00a1) Importer(815301076,1909f56bfc062723c751e8b465ee728b)
Start importing Assets/Hero and Opponents/Sprites/Enemy1/attack-A2.png using Guid(a31b80b129768c647af8a375fe0a00a1) Importer(815301076,1909f56bfc062723c751e8b465ee728b)  -> (artifact id: '0af175d9a54c065a38540ce3bc6e37a7') in 0.023261 seconds
  Import took 0.027423 seconds .

========================================================================
Received Import Request.
  Time since last request: 0.000600 seconds.
  path: Assets/Hero and Opponents/Sprites/Enemy1/attack-A3.png
  artifactKey: Guid(1ea46f4d239017e4b9eafb438f33b655) Importer(815301076,1909f56bfc062723c751e8b465ee728b)
Start importing Assets/Hero and Opponents/Sprites/Enemy1/attack-A3.png using Guid(1ea46f4d239017e4b9eafb438f33b655) Importer(815301076,1909f56bfc062723c751e8b465ee728b)  -> (artifact id: '4e1f4c46546ce0b0f742f7c583620521') in 0.030129 seconds
  Import took 0.035457 seconds .

========================================================================
Received Import Request.
  Time since last request: 0.000222 seconds.
  path: Assets/Hero and Opponents/Sprites/Enemy1/attack-B5.png
  artifactKey: Guid(c09086deaf910f24ca170aa2c440ed11) Importer(815301076,1909f56bfc062723c751e8b465ee728b)
Start importing Assets/Hero and Opponents/Sprites/Enemy1/attack-B5.png using Guid(c09086deaf910f24ca170aa2c440ed11) Importer(815301076,1909f56bfc062723c751e8b465ee728b)  -> (artifact id: '9cf274438d42bdd335a17ea7246b2bc6') in 0.034078 seconds
  Import took 0.039744 seconds .

========================================================================
Received Import Request.
  Time since last request: 0.000340 seconds.
  path: Assets/Hero and Opponents/Sprites/Enemy1/dead-2.png
  artifactKey: Guid(96be1249c10d64242837e53bbc712bc1) Importer(815301076,1909f56bfc062723c751e8b465ee728b)
Start importing Assets/Hero and Opponents/Sprites/Enemy1/dead-2.png using Guid(96be1249c10d64242837e53bbc712bc1) Importer(815301076,1909f56bfc062723c751e8b465ee728b)  -> (artifact id: '67ad3232bb808ef205e383691c5aee5c') in 0.027860 seconds
  Import took 0.033899 seconds .

========================================================================
Received Import Request.
  Time since last request: 0.000275 seconds.
  path: Assets/Hero and Opponents/Sprites/Enemy1/attack-A8.png
  artifactKey: Guid(cbde7f3392edc8c44bf688b4af30079c) Importer(815301076,1909f56bfc062723c751e8b465ee728b)
Start importing Assets/Hero and Opponents/Sprites/Enemy1/attack-A8.png using Guid(cbde7f3392edc8c44bf688b4af30079c) Importer(815301076,1909f56bfc062723c751e8b465ee728b)  -> (artifact id: '0c7b9ddd966ce8e9e2dba76dc9199f23') in 0.026605 seconds
  Import took 0.032068 seconds .

========================================================================
Received Import Request.
  Time since last request: 0.000223 seconds.
  path: Assets/Hero and Opponents/Sprites/Enemy1/attack-B3.png
  artifactKey: Guid(6f539dedf0dd41e419c8fbd2db58879b) Importer(815301076,1909f56bfc062723c751e8b465ee728b)
Start importing Assets/Hero and Opponents/Sprites/Enemy1/attack-B3.png using Guid(6f539dedf0dd41e419c8fbd2db58879b) Importer(815301076,1909f56bfc062723c751e8b465ee728b)  -> (artifact id: '890628e87c93ac9aae287ef7042d0acc') in 0.020755 seconds
  Import took 0.027207 seconds .

========================================================================
Received Import Request.
  Time since last request: 0.000295 seconds.
  path: Assets/Hero and Opponents/Sprites/Enemy1/attack-B8.png
  artifactKey: Guid(86c932378f91f074faaa16674c794cc1) Importer(815301076,1909f56bfc062723c751e8b465ee728b)
Start importing Assets/Hero and Opponents/Sprites/Enemy1/attack-B8.png using Guid(86c932378f91f074faaa16674c794cc1) Importer(815301076,1909f56bfc062723c751e8b465ee728b)  -> (artifact id: 'fb2daffd4f4eaab86c4f2fa6659f09b7') in 0.019945 seconds
  Import took 0.024914 seconds .

========================================================================
Received Import Request.
  Time since last request: 0.000237 seconds.
  path: Assets/Hero and Opponents/Sprites/Enemy1/idle-4.png
  artifactKey: Guid(07091af46495fa14eb73edfdc9f6bda9) Importer(815301076,1909f56bfc062723c751e8b465ee728b)
Start importing Assets/Hero and Opponents/Sprites/Enemy1/idle-4.png using Guid(07091af46495fa14eb73edfdc9f6bda9) Importer(815301076,1909f56bfc062723c751e8b465ee728b)  -> (artifact id: 'bc795cee2505798f18befb93eae89ed4') in 0.026083 seconds
  Import took 0.036685 seconds .

========================================================================
Received Import Request.
  Time since last request: 0.001389 seconds.
  path: Assets/Hero and Opponents/Sprites/Enemy1/hit-1.png
  artifactKey: Guid(809b3bbd54773f443bff42da123eb73e) Importer(815301076,1909f56bfc062723c751e8b465ee728b)
Start importing Assets/Hero and Opponents/Sprites/Enemy1/hit-1.png using Guid(809b3bbd54773f443bff42da123eb73e) Importer(815301076,1909f56bfc062723c751e8b465ee728b)  -> (artifact id: 'f85adc4879c0723408ad524980eaa0f6') in 0.277059 seconds
  Import took 0.300575 seconds .

========================================================================
Received Import Request.
  Time since last request: 4.091191 seconds.
  path: Assets/Hero and Opponents/Sprites/Enemy1/jump-4.png
  artifactKey: Guid(3c132cebcbaa23e419458b9c86201d5a) Importer(815301076,1909f56bfc062723c751e8b465ee728b)
Start importing Assets/Hero and Opponents/Sprites/Enemy1/jump-4.png using Guid(3c132cebcbaa23e419458b9c86201d5a) Importer(815301076,1909f56bfc062723c751e8b465ee728b)  -> (artifact id: '2f74b434fd8f2427f7c9747a0819b51f') in 0.019135 seconds
  Import took 0.025897 seconds .

========================================================================
Received Import Request.
  Time since last request: 0.000261 seconds.
  path: Assets/Hero and Opponents/Sprites/Enemy1/walk-5.png
  artifactKey: Guid(13f222e87a142f8429bdf50c087e22a6) Importer(815301076,1909f56bfc062723c751e8b465ee728b)
Start importing Assets/Hero and Opponents/Sprites/Enemy1/walk-5.png using Guid(13f222e87a142f8429bdf50c087e22a6) Importer(815301076,1909f56bfc062723c751e8b465ee728b)  -> (artifact id: '3fa32cc4d9ecca049b4eb0c845745322') in 0.022247 seconds
  Import took 0.026150 seconds .

========================================================================
Received Import Request.
  Time since last request: 0.000373 seconds.
  path: Assets/Hero and Opponents/Sprites/Enemy1/jump-6.png
  artifactKey: Guid(ab5b62f48fe59fe4ea76d7a30272a96a) Importer(815301076,1909f56bfc062723c751e8b465ee728b)
Start importing Assets/Hero and Opponents/Sprites/Enemy1/jump-6.png using Guid(ab5b62f48fe59fe4ea76d7a30272a96a) Importer(815301076,1909f56bfc062723c751e8b465ee728b)  -> (artifact id: '6ec45c045f20bf28b0893e2bc434d313') in 0.026981 seconds
  Import took 0.037715 seconds .

========================================================================
Received Import Request.
  Time since last request: 0.000673 seconds.
  path: Assets/Hero and Opponents/Sprites/Enemy1/walk-2.png
  artifactKey: Guid(d85184f0406735a42bd95467ea855be5) Importer(815301076,1909f56bfc062723c751e8b465ee728b)
Start importing Assets/Hero and Opponents/Sprites/Enemy1/walk-2.png using Guid(d85184f0406735a42bd95467ea855be5) Importer(815301076,1909f56bfc062723c751e8b465ee728b)  -> (artifact id: 'da24aa8dddb2217d9b9a21f022f05e52') in 0.060226 seconds
  Import took 0.068597 seconds .

========================================================================
Received Import Request.
  Time since last request: 0.000258 seconds.
  path: Assets/Hero and Opponents/Sprites/Enemy1/jump-5.png
  artifactKey: Guid(e012fe9f7bb2e2f4e8c3745d7b525835) Importer(815301076,1909f56bfc062723c751e8b465ee728b)
Start importing Assets/Hero and Opponents/Sprites/Enemy1/jump-5.png using Guid(e012fe9f7bb2e2f4e8c3745d7b525835) Importer(815301076,1909f56bfc062723c751e8b465ee728b)  -> (artifact id: '86625407cbb5f5709cdd069ee96f7327') in 0.051196 seconds
  Import took 0.056244 seconds .

========================================================================
Received Import Request.
  Time since last request: 0.000278 seconds.
  path: Assets/Hero and Opponents/Sprites/Enemy1/walk-3.png
  artifactKey: Guid(263b4135dc07a0449a54ff7ea70f9256) Importer(815301076,1909f56bfc062723c751e8b465ee728b)
Start importing Assets/Hero and Opponents/Sprites/Enemy1/walk-3.png using Guid(263b4135dc07a0449a54ff7ea70f9256) Importer(815301076,1909f56bfc062723c751e8b465ee728b)  -> (artifact id: '0218d5419d9eadddef1b95c15c34cf24') in 0.030278 seconds
  Import took 0.035126 seconds .

========================================================================
Received Import Request.
  Time since last request: 0.000260 seconds.
  path: Assets/Hero and Opponents/Sprites/Enemy1/walk-4.png
  artifactKey: Guid(8e7b1255357589a4c8e5bc7df7e82b10) Importer(815301076,1909f56bfc062723c751e8b465ee728b)
Start importing Assets/Hero and Opponents/Sprites/Enemy1/walk-4.png using Guid(8e7b1255357589a4c8e5bc7df7e82b10) Importer(815301076,1909f56bfc062723c751e8b465ee728b)  -> (artifact id: '32d14969769a7b82e63a4488b9c8512e') in 0.041182 seconds
  Import took 0.046125 seconds .

========================================================================
Received Import Request.
  Time since last request: 0.000519 seconds.
  path: Assets/Hero and Opponents/Sprites/Enemy1/walk-1.png
  artifactKey: Guid(1ff3bb5d141c2204ea7a71ac5fed23ad) Importer(815301076,1909f56bfc062723c751e8b465ee728b)
Start importing Assets/Hero and Opponents/Sprites/Enemy1/walk-1.png using Guid(1ff3bb5d141c2204ea7a71ac5fed23ad) Importer(815301076,1909f56bfc062723c751e8b465ee728b)  -> (artifact id: '3b020754178170edcfa0f0ed5f4488c0') in 0.044883 seconds
  Import took 0.050195 seconds .

========================================================================
Received Import Request.
  Time since last request: 16.797742 seconds.
  path: Assets/Hero and Opponents/Sprites/Enemy1/walk-6.png
  artifactKey: Guid(f023deb19dcb1e24fbad7047ef406f1f) Importer(815301076,1909f56bfc062723c751e8b465ee728b)
Start importing Assets/Hero and Opponents/Sprites/Enemy1/walk-6.png using Guid(f023deb19dcb1e24fbad7047ef406f1f) Importer(815301076,1909f56bfc062723c751e8b465ee728b)  -> (artifact id: '9365ea44111bb2d804d6940153016aa7') in 0.026151 seconds
  Import took 0.031832 seconds .

========================================================================
Received Import Request.
  Time since last request: 18.466489 seconds.
  path: Assets
  artifactKey: Guid(00000000000000001000000000000000) Importer(815301076,1909f56bfc062723c751e8b465ee728b)
Start importing Assets using Guid(00000000000000001000000000000000) Importer(815301076,1909f56bfc062723c751e8b465ee728b)  -> (artifact id: '42baae205c97e3337697759514652acd') in 0.011565 seconds
  Import took 0.016563 seconds .

========================================================================
Received Import Request.
  Time since last request: 25.663915 seconds.
  path: Assets/RocketSprite.png
  artifactKey: Guid(a35f4d03eccb8b449a7355cb3813b941) Importer(815301076,1909f56bfc062723c751e8b465ee728b)
Start importing Assets/RocketSprite.png using Guid(a35f4d03eccb8b449a7355cb3813b941) Importer(815301076,1909f56bfc062723c751e8b465ee728b)  -> (artifact id: '8a3c323757bbd9924f9a5947830ad127') in 0.025779 seconds
  Import took 0.034118 seconds .

========================================================================
Received Import Request.
  Time since last request: 0.000211 seconds.
  path: Assets/SpringSprite.png
  artifactKey: Guid(80b079463fc528c4785615d2b7c50fd2) Importer(815301076,1909f56bfc062723c751e8b465ee728b)
Start importing Assets/SpringSprite.png using Guid(80b079463fc528c4785615d2b7c50fd2) Importer(815301076,1909f56bfc062723c751e8b465ee728b)  -> (artifact id: '27525986e1690af0afb158c1a8ddeea5') in 0.047953 seconds
  Import took 0.053187 seconds .

========================================================================
Received Import Request.
  Time since last request: 0.000244 seconds.
  path: Assets/SkyTileSprite.png
  artifactKey: Guid(237b0194110589d4bbfe7b2be0e7883c) Importer(815301076,1909f56bfc062723c751e8b465ee728b)
Start importing Assets/SkyTileSprite.png using Guid(237b0194110589d4bbfe7b2be0e7883c) Importer(815301076,1909f56bfc062723c751e8b465ee728b)  -> (artifact id: '57e9b45ac8d7a397d416ae420c09f3a3') in 0.044322 seconds
  Import took 0.050036 seconds .

========================================================================
Received Import Request.
  Time since last request: 0.000315 seconds.
  path: Assets/StartIdleSprite.png
  artifactKey: Guid(d58d34b4be59cd94baac6fcd248cd951) Importer(815301076,1909f56bfc062723c751e8b465ee728b)
Start importing Assets/StartIdleSprite.png using Guid(d58d34b4be59cd94baac6fcd248cd951) Importer(815301076,1909f56bfc062723c751e8b465ee728b)  -> (artifact id: '35514e83607c5aae36ae46239ef83e08') in 0.037816 seconds
  Import took 0.043587 seconds .

========================================================================
Received Import Request.
  Time since last request: 0.000226 seconds.
  path: Assets/StartPressSprite.png
  artifactKey: Guid(281d2ce1b6010864e88790e3134bf8de) Importer(815301076,1909f56bfc062723c751e8b465ee728b)
Start importing Assets/StartPressSprite.png using Guid(281d2ce1b6010864e88790e3134bf8de) Importer(815301076,1909f56bfc062723c751e8b465ee728b)  -> (artifact id: 'fe307499ef896c87e066b2533424dada') in 0.032931 seconds
  Import took 0.037546 seconds .

========================================================================
Received Import Request.
  Time since last request: 0.000235 seconds.
  path: Assets/StartHoverSprite.png
  artifactKey: Guid(a8b4582d9b44e1b45b68ff2163eda32a) Importer(815301076,1909f56bfc062723c751e8b465ee728b)
Start importing Assets/StartHoverSprite.png using Guid(a8b4582d9b44e1b45b68ff2163eda32a) Importer(815301076,1909f56bfc062723c751e8b465ee728b)  -> (artifact id: '0d43f9a801ebb63e708d9d91e254cb79') in 0.034443 seconds
  Import took 0.039696 seconds .

========================================================================
Received Import Request.
  Time since last request: 0.000302 seconds.
  path: Assets/WeightSprite.png
  artifactKey: Guid(7764271f064c2b34581c5e26b5817f86) Importer(815301076,1909f56bfc062723c751e8b465ee728b)
Start importing Assets/WeightSprite.png using Guid(7764271f064c2b34581c5e26b5817f86) Importer(815301076,1909f56bfc062723c751e8b465ee728b)  -> (artifact id: '87b2fbeb75b0794f4d6e0bc84c8315fd') in 0.050450 seconds
  Import took 0.054797 seconds .

========================================================================
Received Import Request.
  Time since last request: 0.000273 seconds.
  path: Assets/SkySprite.png
  artifactKey: Guid(5a01e37dcf117814082dec89404c7b99) Importer(815301076,1909f56bfc062723c751e8b465ee728b)
Start importing Assets/SkySprite.png using Guid(5a01e37dcf117814082dec89404c7b99) Importer(815301076,1909f56bfc062723c751e8b465ee728b)  -> (artifact id: 'd03510fd8b652ee582b3cf6046697a20') in 0.039911 seconds
  Import took 0.044730 seconds .

========================================================================
Received Import Request.
  Time since last request: 0.000223 seconds.
  path: Assets/TruckWheelSprite.png
  artifactKey: Guid(1b1b78454939ca645af35955f51e158b) Importer(815301076,1909f56bfc062723c751e8b465ee728b)
Start importing Assets/TruckWheelSprite.png using Guid(1b1b78454939ca645af35955f51e158b) Importer(815301076,1909f56bfc062723c751e8b465ee728b)  -> (artifact id: '7e6d062dccf4509225226c09fbcddb34') in 0.044764 seconds
  Import took 0.051005 seconds .

========================================================================
Received Import Request.
  Time since last request: 0.000381 seconds.
  path: Assets/TruckChassisSprite.png
  artifactKey: Guid(de88cec78ba8c724dba69008d832ef92) Importer(815301076,1909f56bfc062723c751e8b465ee728b)
Start importing Assets/TruckChassisSprite.png using Guid(de88cec78ba8c724dba69008d832ef92) Importer(815301076,1909f56bfc062723c751e8b465ee728b)  -> (artifact id: '853a4efd9cd640b7997b63ca324b2d4c') in 0.039953 seconds
  Import took 0.044827 seconds .

========================================================================
Received Import Request.
  Time since last request: 0.998114 seconds.
  path: Assets/PlankSprite.png
  artifactKey: Guid(ebe77eef0c2c64e489945e27aca9537d) Importer(815301076,1909f56bfc062723c751e8b465ee728b)
Start importing Assets/PlankSprite.png using Guid(ebe77eef0c2c64e489945e27aca9537d) Importer(815301076,1909f56bfc062723c751e8b465ee728b)  -> (artifact id: '722ed18c0501636bfdd84d6ca2a68e3a') in 0.022822 seconds
  Import took 0.028924 seconds .

========================================================================
Received Import Request.
  Time since last request: 0.000251 seconds.
  path: Assets/RetroBullet.png
  artifactKey: Guid(ca5cf86a75f179b438d2cb0c099d1023) Importer(815301076,1909f56bfc062723c751e8b465ee728b)
Start importing Assets/RetroBullet.png using Guid(ca5cf86a75f179b438d2cb0c099d1023) Importer(815301076,1909f56bfc062723c751e8b465ee728b)  -> (artifact id: '4c89c296adcfb6b9e6484989cf5d024f') in 0.075584 seconds
  Import took 0.080468 seconds .

========================================================================
Received Import Request.
  Time since last request: 0.000246 seconds.
  path: Assets/RestartPressSprite.png
  artifactKey: Guid(077fadb991a8de94ead03cc710cb1e8a) Importer(815301076,1909f56bfc062723c751e8b465ee728b)
Start importing Assets/RestartPressSprite.png using Guid(077fadb991a8de94ead03cc710cb1e8a) Importer(815301076,1909f56bfc062723c751e8b465ee728b)  -> (artifact id: '36eef35551a8e4160b9b3d2256ca9aff') in 0.020519 seconds
  Import took 0.025299 seconds .

========================================================================
Received Import Request.
  Time since last request: 0.000263 seconds.
  path: Assets/RetroExplosion.png
  artifactKey: Guid(31928a2b0ea67de41be10a5563554314) Importer(815301076,1909f56bfc062723c751e8b465ee728b)
Start importing Assets/RetroExplosion.png using Guid(31928a2b0ea67de41be10a5563554314) Importer(815301076,1909f56bfc062723c751e8b465ee728b)  -> (artifact id: '6790e2a208d4f31ec2947d3e81d137c4') in 0.027668 seconds
  Import took 0.033296 seconds .

========================================================================
Received Import Request.
  Time since last request: 0.000272 seconds.
  path: Assets/RetroSpaceship.png
  artifactKey: Guid(7cad4a68a54d474499297daaff7db97d) Importer(815301076,1909f56bfc062723c751e8b465ee728b)
Start importing Assets/RetroSpaceship.png using Guid(7cad4a68a54d474499297daaff7db97d) Importer(815301076,1909f56bfc062723c751e8b465ee728b)  -> (artifact id: '5185b91f2b8533b1ce4f518254d627e5') in 0.033594 seconds
  Import took 0.037716 seconds .

========================================================================
Received Import Request.
  Time since last request: 0.000212 seconds.
  path: Assets/RestartIdleSprite.png
  artifactKey: Guid(344a6ba652f2cf74f91937b7972cd555) Importer(815301076,1909f56bfc062723c751e8b465ee728b)
Start importing Assets/RestartIdleSprite.png using Guid(344a6ba652f2cf74f91937b7972cd555) Importer(815301076,1909f56bfc062723c751e8b465ee728b)  -> (artifact id: '110f71623eb9e3afd796e4878ead1675') in 0.037567 seconds
  Import took 0.044942 seconds .

========================================================================
Received Import Request.
  Time since last request: 0.000372 seconds.
  path: Assets/PuffSprite.png
  artifactKey: Guid(ac64bea5d2e51af419b7e8bfc716664a) Importer(815301076,1909f56bfc062723c751e8b465ee728b)
Start importing Assets/PuffSprite.png using Guid(ac64bea5d2e51af419b7e8bfc716664a) Importer(815301076,1909f56bfc062723c751e8b465ee728b)  -> (artifact id: '0fb96039899ab2bc91ed2c46fe2d4aa9') in 0.035325 seconds
  Import took 0.040786 seconds .

========================================================================
Received Import Request.
  Time since last request: 0.000270 seconds.
  path: Assets/RestartHoverSprite.png
  artifactKey: Guid(76d89356da6fb0a4d8212167b1d7d5da) Importer(815301076,1909f56bfc062723c751e8b465ee728b)
Start importing Assets/RestartHoverSprite.png using Guid(76d89356da6fb0a4d8212167b1d7d5da) Importer(815301076,1909f56bfc062723c751e8b465ee728b)  -> (artifact id: '5b2a694fdc342a6c43566cb918cd8da4') in 0.034077 seconds
  Import took 0.039789 seconds .

========================================================================
Received Import Request.
  Time since last request: 20.941603 seconds.
  path: Assets/ColumnShortSprite.png
  artifactKey: Guid(0a9068fd26630a845a24b7661fdc677d) Importer(815301076,1909f56bfc062723c751e8b465ee728b)
Start importing Assets/ColumnShortSprite.png using Guid(0a9068fd26630a845a24b7661fdc677d) Importer(815301076,1909f56bfc062723c751e8b465ee728b)  -> (artifact id: 'faa7e12e673ba95ec9e8167c92102836') in 0.035809 seconds
  Import took 0.045951 seconds .

========================================================================
Received Import Request.
  Time since last request: 0.000693 seconds.
  path: Assets/BowlingBallSprite.png
  artifactKey: Guid(295de7907fb6d2b4cbc36036b2a65f6d) Importer(815301076,1909f56bfc062723c751e8b465ee728b)
Start importing Assets/BowlingBallSprite.png using Guid(295de7907fb6d2b4cbc36036b2a65f6d) Importer(815301076,1909f56bfc062723c751e8b465ee728b)  -> (artifact id: '14443568f549338dd763114071c144fe') in 0.030148 seconds
  Import took 0.037608 seconds .

========================================================================
Received Import Request.
  Time since last request: 0.000665 seconds.
  path: Assets/GrassSprite.png
  artifactKey: Guid(d92a41ab5c4ce5946a91c61b3c2e0eab) Importer(815301076,1909f56bfc062723c751e8b465ee728b)
Start importing Assets/GrassSprite.png using Guid(d92a41ab5c4ce5946a91c61b3c2e0eab) Importer(815301076,1909f56bfc062723c751e8b465ee728b)  -> (artifact id: '6fce9513a5cc330d2ef2d0740c51b1f3') in 0.041852 seconds
  Import took 0.047671 seconds .

========================================================================
Received Import Request.
  Time since last request: 0.000088 seconds.
  path: Assets/BallSprite.png
  artifactKey: Guid(e916990a34126c448802256b7df5a80d) Importer(815301076,1909f56bfc062723c751e8b465ee728b)
Start importing Assets/BallSprite.png using Guid(e916990a34126c448802256b7df5a80d) Importer(815301076,1909f56bfc062723c751e8b465ee728b)  -> (artifact id: '45f633f508083c628853cef98b0e0de5') in 0.034161 seconds
  Import took 0.038943 seconds .

========================================================================
Received Import Request.
  Time since last request: 0.000253 seconds.
  path: Assets/CatapultSprite.png
  artifactKey: Guid(60f2d5eab86d4004ba06a708a8c1d594) Importer(815301076,1909f56bfc062723c751e8b465ee728b)
Start importing Assets/CatapultSprite.png using Guid(60f2d5eab86d4004ba06a708a8c1d594) Importer(815301076,1909f56bfc062723c751e8b465ee728b)  -> (artifact id: '471ced5097e31547c3cd59044e81d2ae') in 0.039561 seconds
  Import took 0.045634 seconds .

========================================================================
Received Import Request.
  Time since last request: 0.000251 seconds.
  path: Assets/IceSprite.png
  artifactKey: Guid(4567525eec94f91499b83564fd5799fa) Importer(815301076,1909f56bfc062723c751e8b465ee728b)
Start importing Assets/IceSprite.png using Guid(4567525eec94f91499b83564fd5799fa) Importer(815301076,1909f56bfc062723c751e8b465ee728b)  -> (artifact id: '8a2a7f2f29b598605af52a3aa265d3e5') in 0.031500 seconds
  Import took 0.037932 seconds .

========================================================================
Received Import Request.
  Time since last request: 0.000261 seconds.
  path: Assets/AsteroidSprite.png
  artifactKey: Guid(61236a0c2b4627e46920991e1ab84679) Importer(815301076,1909f56bfc062723c751e8b465ee728b)
Start importing Assets/AsteroidSprite.png using Guid(61236a0c2b4627e46920991e1ab84679) Importer(815301076,1909f56bfc062723c751e8b465ee728b)  -> (artifact id: '66948150577d6557f367add9471254d8') in 0.045991 seconds
  Import took 0.050885 seconds .

========================================================================
Received Import Request.
  Time since last request: 0.000261 seconds.
  path: Assets/ExplosionSprite.png
  artifactKey: Guid(c2889a6569919e44f931a5342a4b78e8) Importer(815301076,1909f56bfc062723c751e8b465ee728b)
Start importing Assets/ExplosionSprite.png using Guid(c2889a6569919e44f931a5342a4b78e8) Importer(815301076,1909f56bfc062723c751e8b465ee728b)  -> (artifact id: '1b876f1535015c41f7ea5784be030e04') in 0.047786 seconds
  Import took 0.055113 seconds .

========================================================================
Received Import Request.
  Time since last request: 0.000105 seconds.
  path: Assets/BombSprite.png
  artifactKey: Guid(6a912ccb0e8758940ab208ef82a8a2b8) Importer(815301076,1909f56bfc062723c751e8b465ee728b)
Start importing Assets/BombSprite.png using Guid(6a912ccb0e8758940ab208ef82a8a2b8) Importer(815301076,1909f56bfc062723c751e8b465ee728b)  -> (artifact id: '2b12b30b48c093a23ba56c64bdee011d') in 0.030447 seconds
  Import took 0.036431 seconds .

========================================================================
Received Import Request.
  Time since last request: 0.000245 seconds.
  path: Assets/HatSprite.png
  artifactKey: Guid(eda32c6d89cc2ce47a7344df6678b709) Importer(815301076,1909f56bfc062723c751e8b465ee728b)
Start importing Assets/HatSprite.png using Guid(eda32c6d89cc2ce47a7344df6678b709) Importer(815301076,1909f56bfc062723c751e8b465ee728b)  -> (artifact id: '5293e02cf823f54ddda9dfd498e30f6a') in 0.035842 seconds
  Import took 0.040317 seconds .

========================================================================
Received Import Request.
  Time since last request: 0.000251 seconds.
  path: Assets/BirdHeroSprite.png
  artifactKey: Guid(b2aa78bf18864de43b9d8b50ea3f9cc2) Importer(815301076,1909f56bfc062723c751e8b465ee728b)
Start importing Assets/BirdHeroSprite.png using Guid(b2aa78bf18864de43b9d8b50ea3f9cc2) Importer(815301076,1909f56bfc062723c751e8b465ee728b)  -> (artifact id: '73a4d6c803e28c213bc63c782600216f') in 0.037737 seconds
  Import took 0.043351 seconds .

========================================================================
Received Import Request.
  Time since last request: 0.000327 seconds.
  path: Assets/CatapultFrontSprite.png
  artifactKey: Guid(936062490da4ee3418e8a344d556e56a) Importer(815301076,1909f56bfc062723c751e8b465ee728b)
Start importing Assets/CatapultFrontSprite.png using Guid(936062490da4ee3418e8a344d556e56a) Importer(815301076,1909f56bfc062723c751e8b465ee728b)  -> (artifact id: 'e02a0e2c23a59e6678c49becf3ec6f23') in 0.035254 seconds
  Import took 0.040059 seconds .

========================================================================
Received Import Request.
  Time since last request: 0.000291 seconds.
  path: Assets/ChainLinksSprite.png
  artifactKey: Guid(788799404e3a35d4d81c935d7fe32999) Importer(815301076,1909f56bfc062723c751e8b465ee728b)
Start importing Assets/ChainLinksSprite.png using Guid(788799404e3a35d4d81c935d7fe32999) Importer(815301076,1909f56bfc062723c751e8b465ee728b)  -> (artifact id: '1b3703f152920bf590bb3620047c2c7a') in 0.040752 seconds
  Import took 0.045705 seconds .

========================================================================
Received Import Request.
  Time since last request: 0.000392 seconds.
  path: Assets/BirdEnemyFlapSprite.png
  artifactKey: Guid(0a0d914721d301e4595ec9e716ca5bdb) Importer(815301076,1909f56bfc062723c751e8b465ee728b)
Start importing Assets/BirdEnemyFlapSprite.png using Guid(0a0d914721d301e4595ec9e716ca5bdb) Importer(815301076,1909f56bfc062723c751e8b465ee728b)  -> (artifact id: 'ddd0219c70d1c4e282fcb9dc688e6705') in 0.037574 seconds
  Import took 0.043193 seconds .

========================================================================
Received Import Request.
  Time since last request: 0.000091 seconds.
  path: Assets/ColumnSprite.png
  artifactKey: Guid(98587ac1d55a40a468d7f3df8eaa0e14) Importer(815301076,1909f56bfc062723c751e8b465ee728b)
Start importing Assets/ColumnSprite.png using Guid(98587ac1d55a40a468d7f3df8eaa0e14) Importer(815301076,1909f56bfc062723c751e8b465ee728b)  -> (artifact id: '549fab9cb18bd7fb1c1d9f4e182d936d') in 0.029849 seconds
  Import took 0.034667 seconds .

========================================================================
Received Import Request.
  Time since last request: 0.000375 seconds.
  path: Assets/MagnetSprite.png
  artifactKey: Guid(c1ff8d7a4e73aeb4288784c45a1756cb) Importer(815301076,1909f56bfc062723c751e8b465ee728b)
Start importing Assets/MagnetSprite.png using Guid(c1ff8d7a4e73aeb4288784c45a1756cb) Importer(815301076,1909f56bfc062723c751e8b465ee728b)  -> (artifact id: 'de3572e2f08019784be119f71c61b99f') in 0.042433 seconds
  Import took 0.047700 seconds .

========================================================================
Received Import Request.
  Time since last request: 0.000240 seconds.
  path: Assets/CatapultBackSprite.png
  artifactKey: Guid(dc78085f95e5b74408cf542bb1eea66d) Importer(815301076,1909f56bfc062723c751e8b465ee728b)
Start importing Assets/CatapultBackSprite.png using Guid(dc78085f95e5b74408cf542bb1eea66d) Importer(815301076,1909f56bfc062723c751e8b465ee728b)  -> (artifact id: 'e652276bc4e0979b62599c562bc8e2d5') in 0.022045 seconds
  Import took 0.027255 seconds .

========================================================================
Received Import Request.
  Time since last request: 0.000319 seconds.
  path: Assets/CoinSprite.png
  artifactKey: Guid(f1e3751f3ab298e46a17430f11509550) Importer(815301076,1909f56bfc062723c751e8b465ee728b)
Start importing Assets/CoinSprite.png using Guid(f1e3751f3ab298e46a17430f11509550) Importer(815301076,1909f56bfc062723c751e8b465ee728b)  -> (artifact id: '04bab46ae924158b36b628978e27fd08') in 0.031087 seconds
  Import took 0.036870 seconds .

========================================================================
Received Import Request.
  Time since last request: 0.000341 seconds.
  path: Assets/BirdEnemyDeathSprite.png
  artifactKey: Guid(41a53aab6d8923245b8ad6ed220e6390) Importer(815301076,1909f56bfc062723c751e8b465ee728b)
Start importing Assets/BirdEnemyDeathSprite.png using Guid(41a53aab6d8923245b8ad6ed220e6390) Importer(815301076,1909f56bfc062723c751e8b465ee728b)  -> (artifact id: 'de837ab37821a01ee168b4da31351998') in 0.028378 seconds
  Import took 0.033208 seconds .

========================================================================
Received Import Request.
  Time since last request: 0.000235 seconds.
  path: Assets/BirdEnemyIdleSprite.png
  artifactKey: Guid(c3744cbaeb6e0f940a4c5cd60c742ac2) Importer(815301076,1909f56bfc062723c751e8b465ee728b)
Start importing Assets/BirdEnemyIdleSprite.png using Guid(c3744cbaeb6e0f940a4c5cd60c742ac2) Importer(815301076,1909f56bfc062723c751e8b465ee728b)  -> (artifact id: '3ed9291215a99de3e02d69a1c0ec067f') in 0.027934 seconds
  Import took 0.033242 seconds .

========================================================================
Received Import Request.
  Time since last request: 0.000271 seconds.
  path: Assets/GrassThinSprite.png
  artifactKey: Guid(637c6693c16c0f24d848c49d77ad6df7) Importer(815301076,1909f56bfc062723c751e8b465ee728b)
Start importing Assets/GrassThinSprite.png using Guid(637c6693c16c0f24d848c49d77ad6df7) Importer(815301076,1909f56bfc062723c751e8b465ee728b)  -> (artifact id: '960e9e52751e82e324a9c83af252a659') in 0.045959 seconds
  Import took 0.052716 seconds .

========================================================================
Received Import Request.
  Time since last request: 0.000517 seconds.
  path: Assets/BombLitSprite.png
  artifactKey: Guid(d1879bb95da852a4895f0eb8137ab2f5) Importer(815301076,1909f56bfc062723c751e8b465ee728b)
Start importing Assets/BombLitSprite.png using Guid(d1879bb95da852a4895f0eb8137ab2f5) Importer(815301076,1909f56bfc062723c751e8b465ee728b)  -> (artifact id: '334ae3bbe5b0402f5be112ca51c82add') in 0.028641 seconds
  Import took 0.033229 seconds .

========================================================================
Received Import Request.
  Time since last request: 495.246405 seconds.
  path: ProjectSettings/TagManager.asset
  artifactKey: Guid(00000000000000003000000000000000) Importer(815301076,1909f56bfc062723c751e8b465ee728b)
Start importing ProjectSettings/TagManager.asset using Guid(00000000000000003000000000000000) Importer(815301076,1909f56bfc062723c751e8b465ee728b)  -> (artifact id: '779d5949113fa91bb85f64f090860d93') in 0.024567 seconds
  Import took 0.032660 seconds .

========================================================================
Received Import Request.
  Time since last request: 52.867168 seconds.
  path: Assets/Hero and Opponents/Sprites/Enemy4
  artifactKey: Guid(36cba78085e87984f81e2d270cf7a236) Importer(815301076,1909f56bfc062723c751e8b465ee728b)
Start importing Assets/Hero and Opponents/Sprites/Enemy4 using Guid(36cba78085e87984f81e2d270cf7a236) Importer(815301076,1909f56bfc062723c751e8b465ee728b)  -> (artifact id: '9ce0fccc954c12ad300a0ea68327c6b5') in 0.009343 seconds
  Import took 0.022223 seconds .

========================================================================
Received Import Request.
  Time since last request: 0.027737 seconds.
  path: Assets/Hero and Opponents/Sprites/Enemy4/attack-A1.png
  artifactKey: Guid(2750b4c5b3ad38d43b4d095b1c6e9c0b) Importer(815301076,1909f56bfc062723c751e8b465ee728b)
Start importing Assets/Hero and Opponents/Sprites/Enemy4/attack-A1.png using Guid(2750b4c5b3ad38d43b4d095b1c6e9c0b) Importer(815301076,1909f56bfc062723c751e8b465ee728b)  -> (artifact id: '05ab609fe3bd7b49a26f0d71506a2fad') in 0.030995 seconds
  Import took 0.038563 seconds .

========================================================================
Received Import Request.
  Time since last request: 0.000257 seconds.
  path: Assets/Hero and Opponents/Sprites/Enemy4/idle-2.png
  artifactKey: Guid(749105026f3f84d4d9ae3448b4c82794) Importer(815301076,1909f56bfc062723c751e8b465ee728b)
Start importing Assets/Hero and Opponents/Sprites/Enemy4/idle-2.png using Guid(749105026f3f84d4d9ae3448b4c82794) Importer(815301076,1909f56bfc062723c751e8b465ee728b)  -> (artifact id: 'ea60ba228c806989250c00c44c9d0973') in 0.035740 seconds
  Import took 0.041103 seconds .

========================================================================
Received Import Request.
  Time since last request: 0.000267 seconds.
  path: Assets/Hero and Opponents/Sprites/Enemy4/walk-3.png
  artifactKey: Guid(a61e380b02e65914187d4cd06dfee31b) Importer(815301076,1909f56bfc062723c751e8b465ee728b)
Start importing Assets/Hero and Opponents/Sprites/Enemy4/walk-3.png using Guid(a61e380b02e65914187d4cd06dfee31b) Importer(815301076,1909f56bfc062723c751e8b465ee728b)  -> (artifact id: '47523de24ffe2ab6d807b84a3a8ca5d3') in 0.044311 seconds
  Import took 0.050577 seconds .

========================================================================
Received Import Request.
  Time since last request: 0.000277 seconds.
  path: Assets/Hero and Opponents/Sprites/Enemy4/attack-B4.png
  artifactKey: Guid(b104f0d12ebe25e4580b710fc034c144) Importer(815301076,1909f56bfc062723c751e8b465ee728b)
Start importing Assets/Hero and Opponents/Sprites/Enemy4/attack-B4.png using Guid(b104f0d12ebe25e4580b710fc034c144) Importer(815301076,1909f56bfc062723c751e8b465ee728b)  -> (artifact id: 'dcbe4a3826f8c92447ada223410b637e') in 0.041450 seconds
  Import took 0.046765 seconds .

========================================================================
Received Import Request.
  Time since last request: 0.000324 seconds.
  path: Assets/Hero and Opponents/Sprites/Enemy4/attack-B6.png
  artifactKey: Guid(d08fe4a10a671684d83aa0273666bb5c) Importer(815301076,1909f56bfc062723c751e8b465ee728b)
Start importing Assets/Hero and Opponents/Sprites/Enemy4/attack-B6.png using Guid(d08fe4a10a671684d83aa0273666bb5c) Importer(815301076,1909f56bfc062723c751e8b465ee728b)  -> (artifact id: '4f86c6bcc591ccc659c468fb2fa3bce5') in 0.032027 seconds
  Import took 0.039287 seconds .

========================================================================
Received Import Request.
  Time since last request: 0.000243 seconds.
  path: Assets/Hero and Opponents/Sprites/Enemy4/attack-B9.png
  artifactKey: Guid(57607658b78ab4742bdc74450174b3d0) Importer(815301076,1909f56bfc062723c751e8b465ee728b)
Start importing Assets/Hero and Opponents/Sprites/Enemy4/attack-B9.png using Guid(57607658b78ab4742bdc74450174b3d0) Importer(815301076,1909f56bfc062723c751e8b465ee728b)  -> (artifact id: '0ff425a88172afebfaf1dd199c624e17') in 0.033639 seconds
  Import took 0.039747 seconds .

========================================================================
Received Import Request.
  Time since last request: 0.000268 seconds.
  path: Assets/Hero and Opponents/Sprites/Enemy4/attack-A6.png
  artifactKey: Guid(4781dec62b11ffb4a9f3cca005d6ab57) Importer(815301076,1909f56bfc062723c751e8b465ee728b)
Start importing Assets/Hero and Opponents/Sprites/Enemy4/attack-A6.png using Guid(4781dec62b11ffb4a9f3cca005d6ab57) Importer(815301076,1909f56bfc062723c751e8b465ee728b)  -> (artifact id: '1f931f287aa109dedf7a5288bd25dd1e') in 0.037286 seconds
  Import took 0.042956 seconds .

========================================================================
Received Import Request.
  Time since last request: 0.000228 seconds.
  path: Assets/Hero and Opponents/Sprites/Enemy4/jump-5.png
  artifactKey: Guid(79110db1cbca0064fb84324540fd21a3) Importer(815301076,1909f56bfc062723c751e8b465ee728b)
Start importing Assets/Hero and Opponents/Sprites/Enemy4/jump-5.png using Guid(79110db1cbca0064fb84324540fd21a3) Importer(815301076,1909f56bfc062723c751e8b465ee728b)  -> (artifact id: 'e537b25e780a74eac78ede3a2181ebeb') in 0.029848 seconds
  Import took 0.036881 seconds .

========================================================================
Received Import Request.
  Time since last request: 0.000351 seconds.
  path: Assets/Hero and Opponents/Sprites/Enemy4/attack-B5.png
  artifactKey: Guid(40f21547c0783134a949366e117afb38) Importer(815301076,1909f56bfc062723c751e8b465ee728b)
Start importing Assets/Hero and Opponents/Sprites/Enemy4/attack-B5.png using Guid(40f21547c0783134a949366e117afb38) Importer(815301076,1909f56bfc062723c751e8b465ee728b)  -> (artifact id: 'bbebeb5db3ab9c10648312b35a870c95') in 0.024862 seconds
  Import took 0.031856 seconds .

========================================================================
Received Import Request.
  Time since last request: 0.000119 seconds.
  path: Assets/Hero and Opponents/Sprites/Enemy4/attack-A5.png
  artifactKey: Guid(4713dc40a5acbd442b80ffb459d799c7) Importer(815301076,1909f56bfc062723c751e8b465ee728b)
Start importing Assets/Hero and Opponents/Sprites/Enemy4/attack-A5.png using Guid(4713dc40a5acbd442b80ffb459d799c7) Importer(815301076,1909f56bfc062723c751e8b465ee728b)  -> (artifact id: '12be3ff9058e33f6249fef99fa9879ea') in 0.034894 seconds
  Import took 0.043078 seconds .

========================================================================
Received Import Request.
  Time since last request: 0.000424 seconds.
  path: Assets/Hero and Opponents/Sprites/Enemy4/dead-2.png
  artifactKey: Guid(0cfd4f05a7016f841bdc2890b3034ed1) Importer(815301076,1909f56bfc062723c751e8b465ee728b)
Start importing Assets/Hero and Opponents/Sprites/Enemy4/dead-2.png using Guid(0cfd4f05a7016f841bdc2890b3034ed1) Importer(815301076,1909f56bfc062723c751e8b465ee728b)  -> (artifact id: 'e64f2f907e9c94e254422b9978cbd378') in 0.026055 seconds
  Import took 0.034448 seconds .

========================================================================
Received Import Request.
  Time since last request: 0.000237 seconds.
  path: Assets/Hero and Opponents/Sprites/Enemy4/hit-1.png
  artifactKey: Guid(d9aec6a46a71e6b40b88d2282b2781e2) Importer(815301076,1909f56bfc062723c751e8b465ee728b)
Start importing Assets/Hero and Opponents/Sprites/Enemy4/hit-1.png using Guid(d9aec6a46a71e6b40b88d2282b2781e2) Importer(815301076,1909f56bfc062723c751e8b465ee728b)  -> (artifact id: 'c2b6f1fac9047f2096bfd23a4e694c54') in 0.030169 seconds
  Import took 0.037420 seconds .

========================================================================
Received Import Request.
  Time since last request: 0.000073 seconds.
  path: Assets/Hero and Opponents/Sprites/Enemy4/attack-B1.png
  artifactKey: Guid(2996d796e449946468de23654d897467) Importer(815301076,1909f56bfc062723c751e8b465ee728b)
Start importing Assets/Hero and Opponents/Sprites/Enemy4/attack-B1.png using Guid(2996d796e449946468de23654d897467) Importer(815301076,1909f56bfc062723c751e8b465ee728b)  -> (artifact id: '81836bfbfdf4143ffbaacd375edb6416') in 0.036232 seconds
  Import took 0.044984 seconds .

========================================================================
Received Import Request.
  Time since last request: 0.001289 seconds.
  path: Assets/Hero and Opponents/Sprites/Enemy4/walk-2.png
  artifactKey: Guid(acf640223d056174688b1609faf70e6b) Importer(815301076,1909f56bfc062723c751e8b465ee728b)
Start importing Assets/Hero and Opponents/Sprites/Enemy4/walk-2.png using Guid(acf640223d056174688b1609faf70e6b) Importer(815301076,1909f56bfc062723c751e8b465ee728b)  -> (artifact id: '4387828944b1821ab561ee20b2c9a29c') in 0.093180 seconds
  Import took 0.097749 seconds .

========================================================================
Received Import Request.
  Time since last request: 0.000275 seconds.
  path: Assets/Hero and Opponents/Sprites/Enemy4/walk-1.png
  artifactKey: Guid(a7fab4d5e73126e4394742f72eee9f2b) Importer(815301076,1909f56bfc062723c751e8b465ee728b)
Start importing Assets/Hero and Opponents/Sprites/Enemy4/walk-1.png using Guid(a7fab4d5e73126e4394742f72eee9f2b) Importer(815301076,1909f56bfc062723c751e8b465ee728b)  -> (artifact id: 'ac998bfcf6f170f9f247b44552cb5b42') in 0.030754 seconds
  Import took 0.036201 seconds .

========================================================================
Received Import Request.
  Time since last request: 0.000217 seconds.
  path: Assets/Hero and Opponents/Sprites/Enemy4/attack-B7.png
  artifactKey: Guid(c76c77c705401a14f9368fbcc2c3625a) Importer(815301076,1909f56bfc062723c751e8b465ee728b)
Start importing Assets/Hero and Opponents/Sprites/Enemy4/attack-B7.png using Guid(c76c77c705401a14f9368fbcc2c3625a) Importer(815301076,1909f56bfc062723c751e8b465ee728b)  -> (artifact id: '76120f35c36d87c80b4cc871174d7470') in 0.046828 seconds
  Import took 0.052112 seconds .

========================================================================
Received Import Request.
  Time since last request: 0.000237 seconds.
  path: Assets/Hero and Opponents/Sprites/Enemy4/hit-3.png
  artifactKey: Guid(78fdbc13f75b2ff41a93203855a2b546) Importer(815301076,1909f56bfc062723c751e8b465ee728b)
Start importing Assets/Hero and Opponents/Sprites/Enemy4/hit-3.png using Guid(78fdbc13f75b2ff41a93203855a2b546) Importer(815301076,1909f56bfc062723c751e8b465ee728b)  -> (artifact id: '318d005979dbd4337529e05387b50bfb') in 0.026948 seconds
  Import took 0.035773 seconds .

========================================================================
Received Import Request.
  Time since last request: 0.000407 seconds.
  path: Assets/Hero and Opponents/Sprites/Enemy4/attack-B3.png
  artifactKey: Guid(304da8e4e3ca22d4f8ac368e350f4d93) Importer(815301076,1909f56bfc062723c751e8b465ee728b)
Start importing Assets/Hero and Opponents/Sprites/Enemy4/attack-B3.png using Guid(304da8e4e3ca22d4f8ac368e350f4d93) Importer(815301076,1909f56bfc062723c751e8b465ee728b)  -> (artifact id: 'ded7cea5dbf03836ef3f3b80a7da4a45') in 0.034315 seconds
  Import took 0.040093 seconds .

========================================================================
Received Import Request.
  Time since last request: 0.000268 seconds.
  path: Assets/Hero and Opponents/Sprites/Enemy4/jump-3.png
  artifactKey: Guid(030ebc6024b035742a1f0b52fc8398a4) Importer(815301076,1909f56bfc062723c751e8b465ee728b)
Start importing Assets/Hero and Opponents/Sprites/Enemy4/jump-3.png using Guid(030ebc6024b035742a1f0b52fc8398a4) Importer(815301076,1909f56bfc062723c751e8b465ee728b)  -> (artifact id: '8a60a038f79b303e63001cb19e71fdef') in 0.045189 seconds
  Import took 0.050059 seconds .

========================================================================
Received Import Request.
  Time since last request: 0.000258 seconds.
  path: Assets/Hero and Opponents/Sprites/Enemy4/attack-B10.png
  artifactKey: Guid(258417c0783ce824e97b514a2437d35a) Importer(815301076,1909f56bfc062723c751e8b465ee728b)
Start importing Assets/Hero and Opponents/Sprites/Enemy4/attack-B10.png using Guid(258417c0783ce824e97b514a2437d35a) Importer(815301076,1909f56bfc062723c751e8b465ee728b)  -> (artifact id: 'ab7bce27cd07b6499a1dffbe2ed28751') in 0.040877 seconds
  Import took 0.047997 seconds .

========================================================================
Received Import Request.
  Time since last request: 0.000347 seconds.
  path: Assets/Hero and Opponents/Sprites/Enemy4/jump-1.png
  artifactKey: Guid(f7369fbd274b8ef459f0a3413a60cfc1) Importer(815301076,1909f56bfc062723c751e8b465ee728b)
Start importing Assets/Hero and Opponents/Sprites/Enemy4/jump-1.png using Guid(f7369fbd274b8ef459f0a3413a60cfc1) Importer(815301076,1909f56bfc062723c751e8b465ee728b)  -> (artifact id: '4d2715056bdd562c4e5af75f2aadb1d4') in 0.037502 seconds
  Import took 0.043385 seconds .

========================================================================
Received Import Request.
  Time since last request: 0.000291 seconds.
  path: Assets/Hero and Opponents/Sprites/Enemy4/jump-2.png
  artifactKey: Guid(0295dd3a4ab69024d97ee39792575c1f) Importer(815301076,1909f56bfc062723c751e8b465ee728b)
Start importing Assets/Hero and Opponents/Sprites/Enemy4/jump-2.png using Guid(0295dd3a4ab69024d97ee39792575c1f) Importer(815301076,1909f56bfc062723c751e8b465ee728b)  -> (artifact id: 'e7b7e1b78816c52878d3308bc3ff93ca') in 0.056541 seconds
  Import took 0.060781 seconds .

========================================================================
Received Import Request.
  Time since last request: 0.000232 seconds.
  path: Assets/Hero and Opponents/Sprites/Enemy4/dead-4.png
  artifactKey: Guid(7e8ba4b2b7507f047a6233b78457fb52) Importer(815301076,1909f56bfc062723c751e8b465ee728b)
Start importing Assets/Hero and Opponents/Sprites/Enemy4/dead-4.png using Guid(7e8ba4b2b7507f047a6233b78457fb52) Importer(815301076,1909f56bfc062723c751e8b465ee728b)  -> (artifact id: '99f2f3542e5772d003495e462748b2ae') in 0.060833 seconds
  Import took 0.068163 seconds .

========================================================================
Received Import Request.
  Time since last request: 0.000334 seconds.
  path: Assets/Hero and Opponents/Sprites/Enemy4/hit-2.png
  artifactKey: Guid(6d9bf7f390062134d89c13528ef83b8b) Importer(815301076,1909f56bfc062723c751e8b465ee728b)
Start importing Assets/Hero and Opponents/Sprites/Enemy4/hit-2.png using Guid(6d9bf7f390062134d89c13528ef83b8b) Importer(815301076,1909f56bfc062723c751e8b465ee728b)  -> (artifact id: '9719e0d19e5eacdf4e26df68dad16750') in 0.033557 seconds
  Import took 0.040333 seconds .

========================================================================
Received Import Request.
  Time since last request: 0.000327 seconds.
  path: Assets/Hero and Opponents/Sprites/Enemy4/dead-3.png
  artifactKey: Guid(2019113e6291591499504292116c6279) Importer(815301076,1909f56bfc062723c751e8b465ee728b)
Start importing Assets/Hero and Opponents/Sprites/Enemy4/dead-3.png using Guid(2019113e6291591499504292116c6279) Importer(815301076,1909f56bfc062723c751e8b465ee728b)  -> (artifact id: 'dfd42f926799f91eafbd72ea804ae62d') in 0.040280 seconds
  Import took 0.048207 seconds .

========================================================================
Received Import Request.
  Time since last request: 0.000257 seconds.
  path: Assets/Hero and Opponents/Sprites/Enemy4/jump-4.png
  artifactKey: Guid(3324cc57d8c029545b5eb6fee623dd95) Importer(815301076,1909f56bfc062723c751e8b465ee728b)
Start importing Assets/Hero and Opponents/Sprites/Enemy4/jump-4.png using Guid(3324cc57d8c029545b5eb6fee623dd95) Importer(815301076,1909f56bfc062723c751e8b465ee728b)  -> (artifact id: '5650e6998d4ce54e99b1fe6c0fb35be8') in 0.043332 seconds
  Import took 0.049425 seconds .

========================================================================
Received Import Request.
  Time since last request: 0.000342 seconds.
  path: Assets/Hero and Opponents/Sprites/Enemy4/attack-B8.png
  artifactKey: Guid(9c95a885b6e8f4444837047a57ed3ac1) Importer(815301076,1909f56bfc062723c751e8b465ee728b)
Start importing Assets/Hero and Opponents/Sprites/Enemy4/attack-B8.png using Guid(9c95a885b6e8f4444837047a57ed3ac1) Importer(815301076,1909f56bfc062723c751e8b465ee728b)  -> (artifact id: '92542ecf6490db11fef2183937366be3') in 0.040408 seconds
  Import took 0.048219 seconds .

========================================================================
Received Import Request.
  Time since last request: 0.000374 seconds.
  path: Assets/Hero and Opponents/Sprites/Enemy4/idle-1.png
  artifactKey: Guid(f28e5060b1c87274280e20a11304db5a) Importer(815301076,1909f56bfc062723c751e8b465ee728b)
Start importing Assets/Hero and Opponents/Sprites/Enemy4/idle-1.png using Guid(f28e5060b1c87274280e20a11304db5a) Importer(815301076,1909f56bfc062723c751e8b465ee728b)  -> (artifact id: 'f88beada811778359d584616282f0c25') in 0.034242 seconds
  Import took 0.040576 seconds .

========================================================================
Received Import Request.
  Time since last request: 0.000280 seconds.
  path: Assets/Hero and Opponents/Sprites/Enemy4/attack-A3.png
  artifactKey: Guid(4de7f306317c83e42b02096aebffa3ce) Importer(815301076,1909f56bfc062723c751e8b465ee728b)
Start importing Assets/Hero and Opponents/Sprites/Enemy4/attack-A3.png using Guid(4de7f306317c83e42b02096aebffa3ce) Importer(815301076,1909f56bfc062723c751e8b465ee728b)  -> (artifact id: 'ef2b7d460ba3b2abc925b8619fd6bbf9') in 0.026399 seconds
  Import took 0.031962 seconds .

========================================================================
Received Import Request.
  Time since last request: 0.000301 seconds.
  path: Assets/Hero and Opponents/Sprites/Enemy4/dead-1.png
  artifactKey: Guid(ec4d5dc85735f19488feb5c4276cc9bb) Importer(815301076,1909f56bfc062723c751e8b465ee728b)
Start importing Assets/Hero and Opponents/Sprites/Enemy4/dead-1.png using Guid(ec4d5dc85735f19488feb5c4276cc9bb) Importer(815301076,1909f56bfc062723c751e8b465ee728b)  -> (artifact id: '7cfea86ce10a2f14518c8d526ecc1012') in 0.038128 seconds
  Import took 0.045518 seconds .

========================================================================
Received Import Request.
  Time since last request: 0.000352 seconds.
  path: Assets/Hero and Opponents/Sprites/Enemy4/attack-A4.png
  artifactKey: Guid(4b2b4fc361b72eb48a112d4c07ac5c42) Importer(815301076,1909f56bfc062723c751e8b465ee728b)
Start importing Assets/Hero and Opponents/Sprites/Enemy4/attack-A4.png using Guid(4b2b4fc361b72eb48a112d4c07ac5c42) Importer(815301076,1909f56bfc062723c751e8b465ee728b)  -> (artifact id: '8004be07fb3e70002ffc10f8e7dd38ce') in 0.021848 seconds
  Import took 0.029403 seconds .

========================================================================
Received Import Request.
  Time since last request: 0.000267 seconds.
  path: Assets/Hero and Opponents/Sprites/Enemy4/attack-A2.png
  artifactKey: Guid(73a74bccc04f0694cbcc4f396f20fa90) Importer(815301076,1909f56bfc062723c751e8b465ee728b)
Start importing Assets/Hero and Opponents/Sprites/Enemy4/attack-A2.png using Guid(73a74bccc04f0694cbcc4f396f20fa90) Importer(815301076,1909f56bfc062723c751e8b465ee728b)  -> (artifact id: '915e39695ecb91ea208805532f8f23c2') in 0.048136 seconds
  Import took 0.054058 seconds .

========================================================================
Received Import Request.
  Time since last request: 0.000230 seconds.
  path: Assets/Hero and Opponents/Sprites/Enemy4/attack-B2.png
  artifactKey: Guid(fa5b1207bbf504b4faa399dbe611a16f) Importer(815301076,1909f56bfc062723c751e8b465ee728b)
Start importing Assets/Hero and Opponents/Sprites/Enemy4/attack-B2.png using Guid(fa5b1207bbf504b4faa399dbe611a16f) Importer(815301076,1909f56bfc062723c751e8b465ee728b)  -> (artifact id: 'f49869035d764d7e499066f141795e2a') in 0.035667 seconds
  Import took 0.043820 seconds .

========================================================================
Received Prepare
Registering precompiled user dll's ...
Registered in 0.001878 seconds.
Begin MonoManager ReloadAssembly
Native extension for WindowsStandalone target not found
Refreshing native plugins compatible for Editor in 0.48 ms, found 1 plugins.
Preloading 0 native plugins for Editor in 0.00 ms.
Invoked RoslynAnalysisRunner static constructor.
RoslynAnalysisRunner will not be running.
RoslynAnalysisRunner has terminated.
Mono: successfully reloaded assembly
- Completed reload, in  1.653 seconds
Platform modules already initialized, skipping
Refreshing native plugins compatible for Editor in 0.73 ms, found 1 plugins.
Preloading 0 native plugins for Editor in 0.00 ms.
Unloading 1801 Unused Serialized files (Serialized files now loaded: 0)
System memory in use before: 87.9 MB.
System memory in use after: 87.9 MB.

Unloading 13 unused Assets to reduce memory usage. Loaded Objects now: 2278.
Total: 4.210300 ms (FindLiveObjects: 0.422800 ms CreateObjectMapping: 0.139700 ms MarkObjects: 3.447500 ms  DeleteObjects: 0.197500 ms)

========================================================================
Received Prepare
Registering precompiled user dll's ...
Registered in 0.001234 seconds.
Begin MonoManager ReloadAssembly
Native extension for WindowsStandalone target not found
Refreshing native plugins compatible for Editor in 0.75 ms, found 1 plugins.
Preloading 0 native plugins for Editor in 0.00 ms.
Invoked RoslynAnalysisRunner static constructor.
RoslynAnalysisRunner will not be running.
RoslynAnalysisRunner has terminated.
Mono: successfully reloaded assembly
- Completed reload, in  1.485 seconds
Platform modules already initialized, skipping
Refreshing native plugins compatible for Editor in 0.76 ms, found 1 plugins.
Preloading 0 native plugins for Editor in 0.00 ms.
Unloading 1801 Unused Serialized files (Serialized files now loaded: 0)
System memory in use before: 88.0 MB.
System memory in use after: 88.0 MB.

Unloading 12 unused Assets to reduce memory usage. Loaded Objects now: 2282.
Total: 4.120200 ms (FindLiveObjects: 0.214000 ms CreateObjectMapping: 0.086400 ms MarkObjects: 3.676900 ms  DeleteObjects: 0.141400 ms)

========================================================================
Received Prepare
Registering precompiled user dll's ...
Registered in 0.001452 seconds.
Begin MonoManager ReloadAssembly
Native extension for WindowsStandalone target not found
Refreshing native plugins compatible for Editor in 0.46 ms, found 1 plugins.
Preloading 0 native plugins for Editor in 0.00 ms.
Invoked RoslynAnalysisRunner static constructor.
RoslynAnalysisRunner will not be running.
RoslynAnalysisRunner has terminated.
Mono: successfully reloaded assembly
- Completed reload, in  1.422 seconds
Platform modules already initialized, skipping
Refreshing native plugins compatible for Editor in 0.75 ms, found 1 plugins.
Preloading 0 native plugins for Editor in 0.00 ms.
Unloading 1801 Unused Serialized files (Serialized files now loaded: 0)
System memory in use before: 88.0 MB.
System memory in use after: 88.0 MB.

Unloading 12 unused Assets to reduce memory usage. Loaded Objects now: 2286.
Total: 2.640300 ms (FindLiveObjects: 0.211800 ms CreateObjectMapping: 0.082300 ms MarkObjects: 2.201400 ms  DeleteObjects: 0.143300 ms)

========================================================================
Received Prepare
Registering precompiled user dll's ...
Registered in 0.002756 seconds.
Begin MonoManager ReloadAssembly
Native extension for WindowsStandalone target not found
Refreshing native plugins compatible for Editor in 0.52 ms, found 1 plugins.
Preloading 0 native plugins for Editor in 0.00 ms.
Invoked RoslynAnalysisRunner static constructor.
RoslynAnalysisRunner will not be running.
RoslynAnalysisRunner has terminated.
Mono: successfully reloaded assembly
- Completed reload, in  1.291 seconds
Platform modules already initialized, skipping
Refreshing native plugins compatible for Editor in 0.78 ms, found 1 plugins.
Preloading 0 native plugins for Editor in 0.00 ms.
Unloading 1801 Unused Serialized files (Serialized files now loaded: 0)
System memory in use before: 88.0 MB.
System memory in use after: 88.0 MB.

Unloading 12 unused Assets to reduce memory usage. Loaded Objects now: 2290.
Total: 3.673100 ms (FindLiveObjects: 0.417900 ms CreateObjectMapping: 0.209100 ms MarkObjects: 2.900400 ms  DeleteObjects: 0.144300 ms)

========================================================================
Received Import Request.
  Time since last request: 716.478340 seconds.
  path: Assets/New Physics Material 2D.physicsMaterial2D
  artifactKey: Guid(42e3d48b7647d8f4ab7c4d641ee3e44e) Importer(815301076,1909f56bfc062723c751e8b465ee728b)
Start importing Assets/New Physics Material 2D.physicsMaterial2D using Guid(42e3d48b7647d8f4ab7c4d641ee3e44e) Importer(815301076,1909f56bfc062723c751e8b465ee728b)  -> (artifact id: '6eb00a98e2fccb27b5a2804d2ac768ce') in 0.022282 seconds
  Import took 0.027968 seconds .

========================================================================
Received Prepare
Registering precompiled user dll's ...
Registered in 0.001965 seconds.
Begin MonoManager ReloadAssembly
Native extension for WindowsStandalone target not found
Refreshing native plugins compatible for Editor in 0.80 ms, found 1 plugins.
Preloading 0 native plugins for Editor in 0.00 ms.
Invoked RoslynAnalysisRunner static constructor.
RoslynAnalysisRunner will not be running.
RoslynAnalysisRunner has terminated.
Mono: successfully reloaded assembly
- Completed reload, in  1.304 seconds
Platform modules already initialized, skipping
Refreshing native plugins compatible for Editor in 0.72 ms, found 1 plugins.
Preloading 0 native plugins for Editor in 0.00 ms.
Unloading 1801 Unused Serialized files (Serialized files now loaded: 0)
System memory in use before: 88.0 MB.
System memory in use after: 88.0 MB.

Unloading 12 unused Assets to reduce memory usage. Loaded Objects now: 2294.
Total: 3.782400 ms (FindLiveObjects: 0.204500 ms CreateObjectMapping: 0.081300 ms MarkObjects: 3.305000 ms  DeleteObjects: 0.189700 ms)

========================================================================
Received Import Request.
  Time since last request: 1092.354726 seconds.
  path: Assets/NewBehaviourScript.cs
  artifactKey: Guid(57211f479887ac84a84fad3fe3e74ca3) Importer(815301076,1909f56bfc062723c751e8b465ee728b)
Start importing Assets/NewBehaviourScript.cs using Guid(57211f479887ac84a84fad3fe3e74ca3) Importer(815301076,1909f56bfc062723c751e8b465ee728b)  -> (artifact id: '96f74921b223063a5788b8b559d0afd8') in 0.058190 seconds
  Import took 0.074202 seconds .

========================================================================
Received Prepare
Registering precompiled user dll's ...
Registered in 0.002459 seconds.
Begin MonoManager ReloadAssembly
Native extension for WindowsStandalone target not found
Refreshing native plugins compatible for Editor in 0.74 ms, found 1 plugins.
Preloading 0 native plugins for Editor in 0.00 ms.
Invoked RoslynAnalysisRunner static constructor.
RoslynAnalysisRunner will not be running.
RoslynAnalysisRunner has terminated.
Mono: successfully reloaded assembly
- Completed reload, in  1.404 seconds
Platform modules already initialized, skipping
Refreshing native plugins compatible for Editor in 0.77 ms, found 1 plugins.
Preloading 0 native plugins for Editor in 0.00 ms.
Unloading 1802 Unused Serialized files (Serialized files now loaded: 0)
System memory in use before: 88.1 MB.
System memory in use after: 88.1 MB.

Unloading 12 unused Assets to reduce memory usage. Loaded Objects now: 2299.
Total: 3.001100 ms (FindLiveObjects: 0.324700 ms CreateObjectMapping: 0.112300 ms MarkObjects: 2.419000 ms  DeleteObjects: 0.143700 ms)

========================================================================
Received Prepare
Registering precompiled user dll's ...
Registered in 0.001795 seconds.
Begin MonoManager ReloadAssembly
Native extension for WindowsStandalone target not found
Refreshing native plugins compatible for Editor in 0.51 ms, found 1 plugins.
Preloading 0 native plugins for Editor in 0.00 ms.
Invoked RoslynAnalysisRunner static constructor.
RoslynAnalysisRunner will not be running.
RoslynAnalysisRunner has terminated.
Mono: successfully reloaded assembly
- Completed reload, in  1.157 seconds
Platform modules already initialized, skipping
Refreshing native plugins compatible for Editor in 0.76 ms, found 1 plugins.
Preloading 0 native plugins for Editor in 0.00 ms.
Unloading 1802 Unused Serialized files (Serialized files now loaded: 0)
System memory in use before: 88.1 MB.
System memory in use after: 88.1 MB.

Unloading 12 unused Assets to reduce memory usage. Loaded Objects now: 2303.
Total: 3.491700 ms (FindLiveObjects: 0.296000 ms CreateObjectMapping: 0.204800 ms MarkObjects: 2.833500 ms  DeleteObjects: 0.155300 ms)

========================================================================
Received Import Request.
  Time since last request: 716.236620 seconds.
  path: Assets/NewBehaviourScript.cs
  artifactKey: Guid(57211f479887ac84a84fad3fe3e74ca3) Importer(815301076,1909f56bfc062723c751e8b465ee728b)
Start importing Assets/NewBehaviourScript.cs using Guid(57211f479887ac84a84fad3fe3e74ca3) Importer(815301076,1909f56bfc062723c751e8b465ee728b)  -> (artifact id: 'e9861cd890222ed71cd8823a6039a152') in 0.007344 seconds
  Import took 0.110840 seconds .

========================================================================
Received Prepare
Registering precompiled user dll's ...
Registered in 0.001227 seconds.
Begin MonoManager ReloadAssembly
Native extension for WindowsStandalone target not found
Refreshing native plugins compatible for Editor in 0.73 ms, found 1 plugins.
Preloading 0 native plugins for Editor in 0.00 ms.
Invoked RoslynAnalysisRunner static constructor.
RoslynAnalysisRunner will not be running.
RoslynAnalysisRunner has terminated.
Mono: successfully reloaded assembly
- Completed reload, in  1.237 seconds
Platform modules already initialized, skipping
Refreshing native plugins compatible for Editor in 0.75 ms, found 1 plugins.
Preloading 0 native plugins for Editor in 0.00 ms.
Unloading 1802 Unused Serialized files (Serialized files now loaded: 0)
System memory in use before: 88.1 MB.
System memory in use after: 88.1 MB.

Unloading 12 unused Assets to reduce memory usage. Loaded Objects now: 2307.
Total: 3.661800 ms (FindLiveObjects: 0.311200 ms CreateObjectMapping: 0.098900 ms MarkObjects: 3.097100 ms  DeleteObjects: 0.152400 ms)

========================================================================
Received Prepare
Registering precompiled user dll's ...
Registered in 0.002427 seconds.
Begin MonoManager ReloadAssembly
Native extension for WindowsStandalone target not found
Refreshing native plugins compatible for Editor in 0.46 ms, found 1 plugins.
Preloading 0 native plugins for Editor in 0.00 ms.
Invoked RoslynAnalysisRunner static constructor.
RoslynAnalysisRunner will not be running.
RoslynAnalysisRunner has terminated.
Mono: successfully reloaded assembly
- Completed reload, in  1.137 seconds
Platform modules already initialized, skipping
Refreshing native plugins compatible for Editor in 0.76 ms, found 1 plugins.
Preloading 0 native plugins for Editor in 0.00 ms.
Unloading 1802 Unused Serialized files (Serialized files now loaded: 0)
System memory in use before: 88.1 MB.
System memory in use after: 88.1 MB.

Unloading 12 unused Assets to reduce memory usage. Loaded Objects now: 2311.
Total: 2.743400 ms (FindLiveObjects: 0.417000 ms CreateObjectMapping: 0.148100 ms MarkObjects: 2.035700 ms  DeleteObjects: 0.140500 ms)

========================================================================
Received Import Request.
  Time since last request: 87.501921 seconds.
  path: Assets/NewBehaviourScript.cs
  artifactKey: Guid(57211f479887ac84a84fad3fe3e74ca3) Importer(815301076,1909f56bfc062723c751e8b465ee728b)
Start importing Assets/NewBehaviourScript.cs using Guid(57211f479887ac84a84fad3fe3e74ca3) Importer(815301076,1909f56bfc062723c751e8b465ee728b)  -> (artifact id: 'c0ac4d024baf224cca51a49bfd39b408') in 0.006659 seconds
  Import took 0.010611 seconds .

========================================================================
Received Prepare
Registering precompiled user dll's ...
Registered in 0.001131 seconds.
Begin MonoManager ReloadAssembly
Native extension for WindowsStandalone target not found
Refreshing native plugins compatible for Editor in 0.59 ms, found 1 plugins.
Preloading 0 native plugins for Editor in 0.00 ms.
Invoked RoslynAnalysisRunner static constructor.
RoslynAnalysisRunner will not be running.
RoslynAnalysisRunner has terminated.
Mono: successfully reloaded assembly
- Completed reload, in  1.219 seconds
Platform modules already initialized, skipping
Refreshing native plugins compatible for Editor in 0.95 ms, found 1 plugins.
Preloading 0 native plugins for Editor in 0.00 ms.
Unloading 1802 Unused Serialized files (Serialized files now loaded: 0)
System memory in use before: 88.1 MB.
System memory in use after: 88.1 MB.

Unloading 12 unused Assets to reduce memory usage. Loaded Objects now: 2315.
Total: 2.463100 ms (FindLiveObjects: 0.209700 ms CreateObjectMapping: 0.077300 ms MarkObjects: 2.023800 ms  DeleteObjects: 0.150700 ms)

========================================================================
Received Prepare
Registering precompiled user dll's ...
Registered in 0.001141 seconds.
Begin MonoManager ReloadAssembly
Native extension for WindowsStandalone target not found
Refreshing native plugins compatible for Editor in 0.50 ms, found 1 plugins.
Preloading 0 native plugins for Editor in 0.00 ms.
Invoked RoslynAnalysisRunner static constructor.
RoslynAnalysisRunner will not be running.
RoslynAnalysisRunner has terminated.
Mono: successfully reloaded assembly
- Completed reload, in  1.123 seconds
Platform modules already initialized, skipping
Refreshing native plugins compatible for Editor in 0.76 ms, found 1 plugins.
Preloading 0 native plugins for Editor in 0.00 ms.
Unloading 1802 Unused Serialized files (Serialized files now loaded: 0)
System memory in use before: 88.1 MB.
System memory in use after: 88.1 MB.

Unloading 12 unused Assets to reduce memory usage. Loaded Objects now: 2319.
Total: 6.886700 ms (FindLiveObjects: 0.227900 ms CreateObjectMapping: 0.087900 ms MarkObjects: 6.309900 ms  DeleteObjects: 0.258700 ms)

========================================================================
Received Import Request.
  Time since last request: 41.279817 seconds.
  path: Assets/New Physics Material 2D.physicsMaterial2D
  artifactKey: Guid(42e3d48b7647d8f4ab7c4d641ee3e44e) Importer(815301076,1909f56bfc062723c751e8b465ee728b)
Start importing Assets/New Physics Material 2D.physicsMaterial2D using Guid(42e3d48b7647d8f4ab7c4d641ee3e44e) Importer(815301076,1909f56bfc062723c751e8b465ee728b)  -> (artifact id: '8c25828de2e3628d8696b0803d8e25d6') in 0.015755 seconds
  Import took 0.020251 seconds .

========================================================================
Received Prepare
Registering precompiled user dll's ...
Registered in 0.001742 seconds.
Begin MonoManager ReloadAssembly
Native extension for WindowsStandalone target not found
Refreshing native plugins compatible for Editor in 0.46 ms, found 1 plugins.
Preloading 0 native plugins for Editor in 0.00 ms.
Invoked RoslynAnalysisRunner static constructor.
RoslynAnalysisRunner will not be running.
RoslynAnalysisRunner has terminated.
Mono: successfully reloaded assembly
- Completed reload, in  1.271 seconds
Platform modules already initialized, skipping
Refreshing native plugins compatible for Editor in 0.77 ms, found 1 plugins.
Preloading 0 native plugins for Editor in 0.00 ms.
Unloading 1802 Unused Serialized files (Serialized files now loaded: 0)
System memory in use before: 88.1 MB.
System memory in use after: 88.1 MB.

Unloading 12 unused Assets to reduce memory usage. Loaded Objects now: 2323.
Total: 3.303300 ms (FindLiveObjects: 0.303900 ms CreateObjectMapping: 0.269400 ms MarkObjects: 2.574100 ms  DeleteObjects: 0.152200 ms)

========================================================================
Received Prepare
Registering precompiled user dll's ...
Registered in 0.005946 seconds.
Begin MonoManager ReloadAssembly
Native extension for WindowsStandalone target not found
Refreshing native plugins compatible for Editor in 1.89 ms, found 1 plugins.
Preloading 0 native plugins for Editor in 0.00 ms.
Invoked RoslynAnalysisRunner static constructor.
RoslynAnalysisRunner will not be running.
RoslynAnalysisRunner has terminated.
Mono: successfully reloaded assembly
- Completed reload, in  3.994 seconds
Platform modules already initialized, skipping
Refreshing native plugins compatible for Editor in 0.79 ms, found 1 plugins.
Preloading 0 native plugins for Editor in 0.00 ms.
Unloading 1802 Unused Serialized files (Serialized files now loaded: 0)
System memory in use before: 88.2 MB.
System memory in use after: 88.1 MB.

Unloading 12 unused Assets to reduce memory usage. Loaded Objects now: 2327.
Total: 2.652700 ms (FindLiveObjects: 0.249100 ms CreateObjectMapping: 0.098000 ms MarkObjects: 2.105500 ms  DeleteObjects: 0.198500 ms)

========================================================================
Received Import Request.
  Time since last request: 363.224902 seconds.
  path: Assets/New Physics Material 2D.physicsMaterial2D
  artifactKey: Guid(42e3d48b7647d8f4ab7c4d641ee3e44e) Importer(815301076,1909f56bfc062723c751e8b465ee728b)
Start importing Assets/New Physics Material 2D.physicsMaterial2D using Guid(42e3d48b7647d8f4ab7c4d641ee3e44e) Importer(815301076,1909f56bfc062723c751e8b465ee728b)  -> (artifact id: 'c7ab3613e2d16d1f7aab0720ce7ef6b8') in 0.024221 seconds
  Import took 0.032809 seconds .

AssetImportWorkerClient::OnTransportError - code=2 error=End of file
